#
# A fatal error has been detected by the Java Runtime Environment:
#
#  EXCEPTION_ACCESS_VIOLATION (0xc0000005) at pc=0x00007ffa4ff6e9d4, pid=4376, tid=9000
#
# JRE version: Java(TM) SE Runtime Environment (17.0.1+12) (build 17.0.1+12-LTS-39)
# Java VM: Java HotSpot(TM) 64-Bit Server VM (17.0.1+12-LTS-39, mixed mode, sharing, tiered, compressed oops, compressed class ptrs, g1 gc, windows-amd64)
# Problematic frame:
# V  [jvm.dll+0x64e9d4]
#
# No core dump will be written. Minidumps are not enabled by default on client versions of Windows
#
# If you would like to submit a bug report, please visit:
#   https://bugreport.java.com/bugreport/crash.jsp
#

---------------  S U M M A R Y ------------

Command Line: -XX:MaxMetaspaceSize=256m -XX:+HeapDumpOnOutOfMemoryError --add-opens=java.base/java.util=ALL-UNNAMED --add-opens=java.base/java.lang=ALL-UNNAMED --add-opens=java.base/java.lang.invoke=ALL-UNNAMED --add-opens=java.base/java.util=ALL-UNNAMED --add-opens=java.prefs/java.util.prefs=ALL-UNNAMED --add-opens=java.prefs/java.util.prefs=ALL-UNNAMED --add-opens=java.base/java.nio.charset=ALL-UNNAMED --add-opens=java.base/java.net=ALL-UNNAMED --add-opens=java.base/java.util.concurrent.atomic=ALL-UNNAMED -Xms256m -Xmx512m -Dfile.encoding=windows-1251 -Duser.country=RU -Duser.language=ru -Duser.variant org.gradle.launcher.daemon.bootstrap.GradleDaemon 7.4.1

Host: AMD Ryzen 5 3500U with Radeon Vega Mobile Gfx  , 8 cores, 14G,  Windows 10 , 64 bit Build 22000 (10.0.22000.675)
Time: Mon May 23 15:13:11 2022 RTZ 2 (s 10 , 64 bit Build 22000 (10.0.22000.675) elapsed time: 6.458177 seconds (0d 0h 0m 6s)

---------------  T H R E A D  ---------------

Current thread (0x0000026ebcaa04e0):  JavaThread "C2 CompilerThread2" daemon [_thread_in_native, id=9000, stack(0x000000c5e6a00000,0x000000c5e6b00000)]


Current CompileTask:
C2:   6458 4890 %     4       groovyjarjarantlr4.v4.runtime.atn.LexerATNSimulator::getReachableConfigSet @ 9 (198 bytes)

Stack: [0x000000c5e6a00000,0x000000c5e6b00000],  sp=0x000000c5e6afb870,  free space=1006k
Native frames: (J=compiled Java code, j=interpreted, Vv=VM code, C=native code)
V  [jvm.dll+0x64e9d4]
V  [jvm.dll+0x1b6fdf]
V  [jvm.dll+0x1b4705]
V  [jvm.dll+0x696537]
V  [jvm.dll+0x69536a]
V  [jvm.dll+0x216ba0]
V  [jvm.dll+0x214f05]
V  [jvm.dll+0x1a168d]
V  [jvm.dll+0x224848]
V  [jvm.dll+0x2229ac]
V  [jvm.dll+0x78435b]
V  [jvm.dll+0x77e91a]
V  [jvm.dll+0x66e845]
C  [ucrtbase.dll+0x26c0c]
C  [KERNEL32.DLL+0x154e0]
C  [ntdll.dll+0x485b]


siginfo: EXCEPTION_ACCESS_VIOLATION (0xc0000005), reading address 0x0000000600000032


Register to memory mapping:

RIP=0x00007ffa4ff6e9d4 jvm.dll
RAX=0x0000026ebfef7c01 points into unknown readable memory: 00 00 00 00 00 00 00
RBX=0x0000000600000006 is an unknown value
RCX=0x0000000600000006 is an unknown value
RDX=0x000000000000000e is an unknown value
RSP=0x000000c5e6afb870 is pointing into the stack for thread: 0x0000026ebcaa04e0
RBP=0x000000c5e6afb8f9 is pointing into the stack for thread: 0x0000026ebcaa04e0
RSI=0x0000000000000004 is an unknown value
RDI=0x0000000000000001 is an unknown value
R8 =0x0000000000020000 is an unknown value
R9 =0x0 is NULL
R10=0x00007ffac2770000 VCRUNTIME140.dll
R11=0x0000026ebfef7cf8 points into unknown readable memory: 0x0000000000000000 | 00 00 00 00 00 00 00 00
R12=0x0000026ec1560250 points into unknown readable memory: 0x00007ffa5016b668 | 68 b6 16 50 fa 7f 00 00
R13=0x0000000000000101 is an unknown value
R14=0x0000026ebff99348 points into unknown readable memory: 0x00007ffa501d0ac8 | c8 0a 1d 50 fa 7f 00 00
R15=0x0000000000000020 is an unknown value


Registers:
RAX=0x0000026ebfef7c01, RBX=0x0000000600000006, RCX=0x0000000600000006, RDX=0x000000000000000e
RSP=0x000000c5e6afb870, RBP=0x000000c5e6afb8f9, RSI=0x0000000000000004, RDI=0x0000000000000001
R8 =0x0000000000020000, R9 =0x0000000000000000, R10=0x00007ffac2770000, R11=0x0000026ebfef7cf8
R12=0x0000026ec1560250, R13=0x0000000000000101, R14=0x0000026ebff99348, R15=0x0000000000000020
RIP=0x00007ffa4ff6e9d4, EFLAGS=0x0000000000010202

Top of Stack: (sp=0x000000c5e6afb870)
0x000000c5e6afb870:   0000026ebd792058 000000c5e6afb8f8
0x000000c5e6afb880:   000000c500000000 0000026ebff99348
0x000000c5e6afb890:   0000000000002934 00007ffa4fad6fdf
0x000000c5e6afb8a0:   0000000000000149 000000c5e6afb8f9
0x000000c5e6afb8b0:   0000026ec1560338 00007ffa4ffb3ae3
0x000000c5e6afb8c0:   0000000000040298 0000026ebfef7cc0
0x000000c5e6afb8d0:   0000026ebfef8a68 0000026ebfb38df0
0x000000c5e6afb8e0:   0000000000000004 0000026ebfef7cc0
0x000000c5e6afb8f0:   0000000000000002 00007ffa00000200
0x000000c5e6afb900:   0000026ebfef7cf0 0000026e00000200
0x000000c5e6afb910:   0000026ebfb38df0 0000000000005d00
0x000000c5e6afb920:   000000c5e6afbc50 0000000000000048
0x000000c5e6afb930:   0000026ebff994f0 0000026ec1560338
0x000000c5e6afb940:   0000026ebff99520 0000026ec1561458
0x000000c5e6afb950:   0000026ebff98d80 00007ffa4fad4705
0x000000c5e6afb960:   0000026ebff99348 0000026ebff99348 

Instructions: (pc=0x00007ffa4ff6e9d4)
0x00007ffa4ff6e8d4:   56 01 49 ff ca 44 8b c0 4d 03 d0 4c 8d 4e ff 4d
0x00007ffa4ff6e8e4:   03 c8 4e 8d 14 d2 4e 8d 0c ca 85 c0 74 14 49 8b
0x00007ffa4ff6e8f4:   01 4d 8d 49 f8 49 89 02 4d 8d 52 f8 49 83 e8 01
0x00007ffa4ff6e904:   75 ec 48 8b 43 08 48 89 3c f0 48 85 ff 74 0b 48
0x00007ffa4ff6e914:   8b d3 48 8b cf e8 72 9c a2 ff 48 8b 5c 24 30 48
0x00007ffa4ff6e924:   8b 74 24 38 48 83 c4 20 5f c3 cc cc 48 89 5c 24
0x00007ffa4ff6e934:   08 48 89 74 24 10 57 48 83 ec 20 4c 8b 51 10 49
0x00007ffa4ff6e944:   8b f8 8b f2 48 8b d9 8b 51 08 8d 42 ff 49 83 3c
0x00007ffa4ff6e954:   c2 00 74 0c e8 b3 fa ff ff 8b 53 08 4c 8b 53 10
0x00007ffa4ff6e964:   2b d6 8d 46 01 48 ff c8 ff ca 48 03 c2 49 8d 04
0x00007ffa4ff6e974:   c2 48 85 d2 74 40 4c 8d 04 32 49 c1 e0 03 4c 2b
0x00007ffa4ff6e984:   c0 4d 03 c2 0f 1f 84 00 00 00 00 00 49 8b 4c 00
0x00007ffa4ff6e994:   f8 48 89 08 48 8d 40 f8 48 83 ea 01 75 ee 48 8b
0x00007ffa4ff6e9a4:   43 10 48 89 3c f0 48 8b 5c 24 30 48 8b 74 24 38
0x00007ffa4ff6e9b4:   48 83 c4 20 5f c3 48 8b 5c 24 30 49 89 3c f2 48
0x00007ffa4ff6e9c4:   8b 74 24 38 48 83 c4 20 5f c3 cc cc 48 83 ec 28
0x00007ffa4ff6e9d4:   8b 51 2c 83 e2 0f 83 fa 0c 74 45 83 fa 08 75 0a
0x00007ffa4ff6e9e4:   48 8b 41 08 48 83 38 00 74 36 f6 41 30 50 74 29
0x00007ffa4ff6e9f4:   83 fa 08 75 2b 48 8b 41 08 48 8b 08 8b 51 2c 8b
0x00007ffa4ff6ea04:   c2 83 e0 3f 3c 27 74 11 83 e2 1f 80 fa 1f 75 10
0x00007ffa4ff6ea14:   e8 17 71 b5 ff 84 c0 74 07 32 c0 48 83 c4 28 c3
0x00007ffa4ff6ea24:   b0 01 48 83 c4 28 c3 cc cc cc cc cc 40 53 48 83
0x00007ffa4ff6ea34:   ec 20 48 8b 01 48 8b d9 ff 50 68 85 c0 74 59 44
0x00007ffa4ff6ea44:   8b 53 18 41 b8 01 00 00 00 45 3b d0 76 4a 4c 8b
0x00007ffa4ff6ea54:   5b 08 66 66 0f 1f 84 00 00 00 00 00 41 8b c0 49
0x00007ffa4ff6ea64:   8b 0c c3 48 85 c9 74 28 8b 41 2c 83 e0 0f 3c 0c
0x00007ffa4ff6ea74:   75 1e 8b 51 18 b8 01 00 00 00 3b d0 76 12 4c 8b
0x00007ffa4ff6ea84:   49 08 8b c8 49 39 1c c9 74 16 ff c0 3b c2 72 f2
0x00007ffa4ff6ea94:   41 ff c0 45 3b c2 72 c4 32 c0 48 83 c4 20 5b c3
0x00007ffa4ff6eaa4:   b0 01 48 83 c4 20 5b c3 cc cc cc cc 83 79 20 00
0x00007ffa4ff6eab4:   74 2b 44 8b 41 28 48 8b 52 50 48 8b 05 b3 fe 4c
0x00007ffa4ff6eac4:   00 4a 39 04 c2 74 16 48 8b 41 08 48 8b 08 48 85 


Stack slot to memory mapping:
stack at sp + 0 slots: 0x0000026ebd792058 points into unknown readable memory: 0x0000026ebcaa04e0 | e0 04 aa bc 6e 02 00 00
stack at sp + 1 slots: 0x000000c5e6afb8f8 is pointing into the stack for thread: 0x0000026ebcaa04e0
stack at sp + 2 slots: 0x000000c500000000 is an unknown value
stack at sp + 3 slots: 0x0000026ebff99348 points into unknown readable memory: 0x00007ffa501d0ac8 | c8 0a 1d 50 fa 7f 00 00
stack at sp + 4 slots: 0x0000000000002934 is an unknown value
stack at sp + 5 slots: 0x00007ffa4fad6fdf jvm.dll
stack at sp + 6 slots: 0x0000000000000149 is an unknown value
stack at sp + 7 slots: 0x000000c5e6afb8f9 is pointing into the stack for thread: 0x0000026ebcaa04e0


---------------  P R O C E S S  ---------------

Threads class SMR info:
_java_thread_list=0x0000026ec1012e20, length=43, elements={
0x0000026e9e715200, 0x0000026ebae951c0, 0x0000026ebae96590, 0x0000026ebaeafd80,
0x0000026ebaeb0730, 0x0000026ebaeb14f0, 0x0000026ebaeb1ea0, 0x0000026ebaeb3650,
0x0000026ebaeb4900, 0x0000026ebaeb6300, 0x0000026ebb9e75c0, 0x0000026ebb9f00e0,
0x0000026ebd67c760, 0x0000026ebdc7d9d0, 0x0000026ebd6120e0, 0x0000026ebd691ec0,
0x0000026ebd87d7d0, 0x0000026ebd481f40, 0x0000026ebd482db0, 0x0000026ebd4815a0,
0x0000026ebd481a70, 0x0000026ebd482410, 0x0000026ebd4828e0, 0x0000026ebd2b4da0,
0x0000026ebd2b2250, 0x0000026ebc8f5db0, 0x0000026ebcaa04e0, 0x0000026ebd2b48d0,
0x0000026ebd2b2bf0, 0x0000026ebd2b2720, 0x0000026ebd2b3590, 0x0000026ebd2b13e0,
0x0000026ebd2b5270, 0x0000026ebd2b65b0, 0x0000026ebd2b5740, 0x0000026ebd2b30c0,
0x0000026ebd2b18b0, 0x0000026ebd2b1d80, 0x0000026ebd2b60e0, 0x0000026ebd2b6f50,
0x0000026ebd2b8290, 0x0000026ebd2b6a80, 0x0000026ebd2b5c10
}

Java Threads: ( => current thread )
  0x0000026e9e715200 JavaThread "main" [_thread_blocked, id=4372, stack(0x000000c5e4400000,0x000000c5e4500000)]
  0x0000026ebae951c0 JavaThread "Reference Handler" daemon [_thread_blocked, id=8448, stack(0x000000c5e4b00000,0x000000c5e4c00000)]
  0x0000026ebae96590 JavaThread "Finalizer" daemon [_thread_blocked, id=15188, stack(0x000000c5e4c00000,0x000000c5e4d00000)]
  0x0000026ebaeafd80 JavaThread "Signal Dispatcher" daemon [_thread_blocked, id=14904, stack(0x000000c5e4d00000,0x000000c5e4e00000)]
  0x0000026ebaeb0730 JavaThread "Attach Listener" daemon [_thread_blocked, id=15520, stack(0x000000c5e4e00000,0x000000c5e4f00000)]
  0x0000026ebaeb14f0 JavaThread "Service Thread" daemon [_thread_blocked, id=8540, stack(0x000000c5e4f00000,0x000000c5e5000000)]
  0x0000026ebaeb1ea0 JavaThread "Monitor Deflation Thread" daemon [_thread_blocked, id=3916, stack(0x000000c5e5000000,0x000000c5e5100000)]
  0x0000026ebaeb3650 JavaThread "C2 CompilerThread0" daemon [_thread_in_native, id=11920, stack(0x000000c5e5100000,0x000000c5e5200000)]
  0x0000026ebaeb4900 JavaThread "C1 CompilerThread0" daemon [_thread_in_vm, id=8132, stack(0x000000c5e5200000,0x000000c5e5300000)]
  0x0000026ebaeb6300 JavaThread "Sweeper thread" daemon [_thread_blocked, id=2528, stack(0x000000c5e5300000,0x000000c5e5400000)]
  0x0000026ebb9e75c0 JavaThread "Common-Cleaner" daemon [_thread_blocked, id=11184, stack(0x000000c5e5400000,0x000000c5e5500000)]
  0x0000026ebb9f00e0 JavaThread "Notification Thread" daemon [_thread_blocked, id=14704, stack(0x000000c5e5500000,0x000000c5e5600000)]
  0x0000026ebd67c760 JavaThread "Daemon health stats" [_thread_blocked, id=2548, stack(0x000000c5e5e00000,0x000000c5e5f00000)]
  0x0000026ebdc7d9d0 JavaThread "Incoming local TCP Connector on port 53751" [_thread_in_native, id=10444, stack(0x000000c5e5f00000,0x000000c5e6000000)]
  0x0000026ebd6120e0 JavaThread "Daemon periodic checks" [_thread_blocked, id=2756, stack(0x000000c5e6000000,0x000000c5e6100000)]
  0x0000026ebd691ec0 JavaThread "Daemon" [_thread_blocked, id=3372, stack(0x000000c5e6100000,0x000000c5e6200000)]
  0x0000026ebd87d7d0 JavaThread "Handler for socket connection from /127.0.0.1:53751 to /127.0.0.1:53752" [_thread_in_native, id=9176, stack(0x000000c5e6200000,0x000000c5e6300000)]
  0x0000026ebd481f40 JavaThread "Cancel handler" [_thread_blocked, id=12196, stack(0x000000c5e6300000,0x000000c5e6400000)]
  0x0000026ebd482db0 JavaThread "Daemon worker" [_thread_in_Java, id=13984, stack(0x000000c5e6400000,0x000000c5e6500000)]
  0x0000026ebd4815a0 JavaThread "Asynchronous log dispatcher for DefaultDaemonConnection: socket connection from /127.0.0.1:53751 to /127.0.0.1:53752" [_thread_blocked, id=14820, stack(0x000000c5e6500000,0x000000c5e6600000)]
  0x0000026ebd481a70 JavaThread "Stdin handler" [_thread_blocked, id=14004, stack(0x000000c5e6600000,0x000000c5e6700000)]
  0x0000026ebd482410 JavaThread "Daemon client event forwarder" [_thread_blocked, id=11572, stack(0x000000c5e6700000,0x000000c5e6800000)]
  0x0000026ebd4828e0 JavaThread "Cache worker for journal cache (C:\Users\danie\.gradle\caches\journal-1)" [_thread_blocked, id=4340, stack(0x000000c5e5700000,0x000000c5e5800000)]
  0x0000026ebd2b4da0 JavaThread "File lock request listener" [_thread_in_native, id=4592, stack(0x000000c5e5d00000,0x000000c5e5e00000)]
  0x0000026ebd2b2250 JavaThread "Cache worker for file hash cache (C:\Users\danie\.gradle\caches\7.4.1\fileHashes)" [_thread_blocked, id=3180, stack(0x000000c5e6800000,0x000000c5e6900000)]
  0x0000026ebc8f5db0 JavaThread "C2 CompilerThread1" daemon [_thread_in_native, id=8584, stack(0x000000c5e6900000,0x000000c5e6a00000)]
=>0x0000026ebcaa04e0 JavaThread "C2 CompilerThread2" daemon [_thread_in_native, id=9000, stack(0x000000c5e6a00000,0x000000c5e6b00000)]
  0x0000026ebd2b48d0 JavaThread "File watcher server" daemon [_thread_in_native, id=7036, stack(0x000000c5e6b00000,0x000000c5e6c00000)]
  0x0000026ebd2b2bf0 JavaThread "File watcher consumer" daemon [_thread_blocked, id=1960, stack(0x000000c5e6c00000,0x000000c5e6d00000)]
  0x0000026ebd2b2720 JavaThread "jar transforms" [_thread_blocked, id=5224, stack(0x000000c5e6d00000,0x000000c5e6e00000)]
  0x0000026ebd2b3590 JavaThread "jar transforms Thread 2" [_thread_blocked, id=7376, stack(0x000000c5e6e00000,0x000000c5e6f00000)]
  0x0000026ebd2b13e0 JavaThread "jar transforms Thread 3" [_thread_blocked, id=15472, stack(0x000000c5e6f00000,0x000000c5e7000000)]
  0x0000026ebd2b5270 JavaThread "jar transforms Thread 4" [_thread_blocked, id=2360, stack(0x000000c5e7000000,0x000000c5e7100000)]
  0x0000026ebd2b65b0 JavaThread "jar transforms Thread 5" [_thread_blocked, id=7992, stack(0x000000c5e7100000,0x000000c5e7200000)]
  0x0000026ebd2b5740 JavaThread "jar transforms Thread 6" [_thread_blocked, id=4496, stack(0x000000c5e7200000,0x000000c5e7300000)]
  0x0000026ebd2b30c0 JavaThread "jar transforms Thread 7" [_thread_blocked, id=15116, stack(0x000000c5e7300000,0x000000c5e7400000)]
  0x0000026ebd2b18b0 JavaThread "jar transforms Thread 8" [_thread_blocked, id=8504, stack(0x000000c5e7400000,0x000000c5e7500000)]
  0x0000026ebd2b1d80 JavaThread "Cache worker for checksums cache (D:\Project\DelProject\.gradle\7.4.1\checksums)" [_thread_blocked, id=108, stack(0x000000c5e7500000,0x000000c5e7600000)]
  0x0000026ebd2b60e0 JavaThread "Cache worker for cache directory md-rule (C:\Users\danie\.gradle\caches\7.4.1\md-rule)" [_thread_blocked, id=1824, stack(0x000000c5e7600000,0x000000c5e7700000)]
  0x0000026ebd2b6f50 JavaThread "Cache worker for file hash cache (D:\Project\DelProject\.gradle\7.4.1\fileHashes)" [_thread_blocked, id=3968, stack(0x000000c5e7a00000,0x000000c5e7b00000)]
  0x0000026ebd2b8290 JavaThread "Cache worker for cache directory md-supplier (C:\Users\danie\.gradle\caches\7.4.1\md-supplier)" [_thread_blocked, id=10572, stack(0x000000c5e7b00000,0x000000c5e7c00000)]
  0x0000026ebd2b6a80 JavaThread "Cache worker for execution history cache (C:\Users\danie\.gradle\caches\7.4.1\executionHistory)" [_thread_blocked, id=2472, stack(0x000000c5e7c00000,0x000000c5e7d00000)]
  0x0000026ebd2b5c10 JavaThread "Cache worker for file content cache (C:\Users\danie\.gradle\caches\7.4.1\fileContent)" [_thread_blocked, id=13148, stack(0x000000c5e7d00000,0x000000c5e7e00000)]

Other Threads:
  0x0000026ebae8fb80 VMThread "VM Thread" [stack: 0x000000c5e4a00000,0x000000c5e4b00000] [id=3852]
  0x0000026ebb9f45c0 WatcherThread [stack: 0x000000c5e5600000,0x000000c5e5700000] [id=12044]
  0x0000026e9e73b0a0 GCTaskThread "GC Thread#0" [stack: 0x000000c5e4500000,0x000000c5e4600000] [id=5380]
  0x0000026ebc5c5a40 GCTaskThread "GC Thread#1" [stack: 0x000000c5e5800000,0x000000c5e5900000] [id=11892]
  0x0000026ebc112c70 GCTaskThread "GC Thread#2" [stack: 0x000000c5e5900000,0x000000c5e5a00000] [id=3296]
  0x0000026ebc112f20 GCTaskThread "GC Thread#3" [stack: 0x000000c5e5a00000,0x000000c5e5b00000] [id=11880]
  0x0000026ebc1131d0 GCTaskThread "GC Thread#4" [stack: 0x000000c5e5b00000,0x000000c5e5c00000] [id=15640]
  0x0000026ebc027bf0 GCTaskThread "GC Thread#5" [stack: 0x000000c5e5c00000,0x000000c5e5d00000] [id=15684]
  0x0000026ebfa0f1f0 GCTaskThread "GC Thread#6" [stack: 0x000000c5e7700000,0x000000c5e7800000] [id=9912]
  0x0000026ebe04f460 GCTaskThread "GC Thread#7" [stack: 0x000000c5e7800000,0x000000c5e7900000] [id=2508]
  0x0000026e9e740d90 ConcurrentGCThread "G1 Main Marker" [stack: 0x000000c5e4600000,0x000000c5e4700000] [id=1868]
  0x0000026e9e742550 ConcurrentGCThread "G1 Conc#0" [stack: 0x000000c5e4700000,0x000000c5e4800000] [id=11908]
  0x0000026ebfb62b80 ConcurrentGCThread "G1 Conc#1" [stack: 0x000000c5e7900000,0x000000c5e7a00000] [id=12816]
  0x0000026e9e7ed820 ConcurrentGCThread "G1 Refine#0" [stack: 0x000000c5e4800000,0x000000c5e4900000] [id=324]
  0x0000026e9e7edfe0 ConcurrentGCThread "G1 Service" [stack: 0x000000c5e4900000,0x000000c5e4a00000] [id=16080]

Threads with active compile tasks:
C2 CompilerThread0     6515 4905 %     4       groovyjarjarantlr4.v4.runtime.atn.ParserATNSimulator::computeTargetState @ 190 (617 bytes)
C1 CompilerThread0     6515 4985       2       com.google.common.collect.RegularImmutableMap::get (64 bytes)
C2 CompilerThread1     6515 4920 %     4       groovyjarjarantlr4.v4.runtime.atn.ParserATNSimulator::isConflicted @ 295 (860 bytes)
C2 CompilerThread2     6515 4890 %     4       groovyjarjarantlr4.v4.runtime.atn.LexerATNSimulator::getReachableConfigSet @ 9 (198 bytes)

VM state: not at safepoint (normal execution)

VM Mutex/Monitor currently owned by a thread: None

Heap address: 0x00000000e0000000, size: 512 MB, Compressed Oops mode: 32-bit

CDS archive(s) mapped at: [0x0000000800000000-0x0000000800bc0000-0x0000000800bc0000), size 12320768, SharedBaseAddress: 0x0000000800000000, ArchiveRelocationMode: 0.
Compressed class space mapped at: 0x0000000800c00000-0x000000080dc00000, reserved size: 218103808
Narrow klass base: 0x0000000800000000, Narrow klass shift: 0, Narrow klass range: 0x100000000

GC Precious Log:
 CPUs: 8 total, 8 available
 Memory: 15297M
 Large Page Support: Disabled
 NUMA Support: Disabled
 Compressed Oops: Enabled (32-bit)
 Heap Region Size: 1M
 Heap Min Capacity: 256M
 Heap Initial Capacity: 256M
 Heap Max Capacity: 512M
 Pre-touch: Disabled
 Parallel Workers: 8
 Concurrent Workers: 2
 Concurrent Refinement Workers: 8
 Periodic GC: Disabled

Heap:
 garbage-first heap   total 262144K, used 184526K [0x00000000e0000000, 0x0000000100000000)
  region size 1024K, 139 young (142336K), 9 survivors (9216K)
 Metaspace       used 39757K, committed 40192K, reserved 253952K
  class space    used 5531K, committed 5760K, reserved 212992K

Heap Regions: E=young(eden), S=young(survivor), O=old, HS=humongous(starts), HC=humongous(continues), CS=collection set, F=free, OA=open archive, CA=closed archive, TAMS=top-at-mark-start (previous, next)
|   0|0x00000000e0000000, 0x00000000e0000000, 0x00000000e0100000|  0%| F|  |TAMS 0x00000000e0000000, 0x00000000e0000000| Untracked 
|   1|0x00000000e0100000, 0x00000000e0200000, 0x00000000e0200000|100%| O|  |TAMS 0x00000000e0200000, 0x00000000e0100000| Untracked 
|   2|0x00000000e0200000, 0x00000000e0300000, 0x00000000e0300000|100%| O|  |TAMS 0x00000000e0300000, 0x00000000e0200000| Untracked 
|   3|0x00000000e0300000, 0x00000000e0400000, 0x00000000e0400000|100%|HS|  |TAMS 0x00000000e0400000, 0x00000000e0300000| Complete 
|   4|0x00000000e0400000, 0x00000000e0500000, 0x00000000e0500000|100%|HC|  |TAMS 0x00000000e0500000, 0x00000000e0400000| Complete 
|   5|0x00000000e0500000, 0x00000000e0600000, 0x00000000e0600000|100%|HC|  |TAMS 0x00000000e0600000, 0x00000000e0500000| Complete 
|   6|0x00000000e0600000, 0x00000000e0700000, 0x00000000e0700000|100%| O|  |TAMS 0x00000000e0700000, 0x00000000e0600000| Untracked 
|   7|0x00000000e0700000, 0x00000000e0800000, 0x00000000e0800000|100%| O|  |TAMS 0x00000000e0800000, 0x00000000e0700000| Untracked 
|   8|0x00000000e0800000, 0x00000000e0900000, 0x00000000e0900000|100%| O|  |TAMS 0x00000000e0900000, 0x00000000e0800000| Untracked 
|   9|0x00000000e0900000, 0x00000000e0a00000, 0x00000000e0a00000|100%| O|  |TAMS 0x00000000e0a00000, 0x00000000e0900000| Untracked 
|  10|0x00000000e0a00000, 0x00000000e0b00000, 0x00000000e0b00000|100%| O|  |TAMS 0x00000000e0a5ca00, 0x00000000e0a00000| Untracked 
|  11|0x00000000e0b00000, 0x00000000e0c00000, 0x00000000e0c00000|100%|HS|  |TAMS 0x00000000e0c00000, 0x00000000e0b00000| Complete 
|  12|0x00000000e0c00000, 0x00000000e0d00000, 0x00000000e0d00000|100%|HC|  |TAMS 0x00000000e0d00000, 0x00000000e0c00000| Complete 
|  13|0x00000000e0d00000, 0x00000000e0e00000, 0x00000000e0e00000|100%|HS|  |TAMS 0x00000000e0e00000, 0x00000000e0d00000| Complete 
|  14|0x00000000e0e00000, 0x00000000e0f00000, 0x00000000e0f00000|100%|HC|  |TAMS 0x00000000e0f00000, 0x00000000e0e00000| Complete 
|  15|0x00000000e0f00000, 0x00000000e1000000, 0x00000000e1000000|100%|HC|  |TAMS 0x00000000e1000000, 0x00000000e0f00000| Complete 
|  16|0x00000000e1000000, 0x00000000e1100000, 0x00000000e1100000|100%|HS|  |TAMS 0x00000000e1100000, 0x00000000e1000000| Complete 
|  17|0x00000000e1100000, 0x00000000e1200000, 0x00000000e1200000|100%|HC|  |TAMS 0x00000000e1200000, 0x00000000e1100000| Complete 
|  18|0x00000000e1200000, 0x00000000e1300000, 0x00000000e1300000|100%|HC|  |TAMS 0x00000000e1300000, 0x00000000e1200000| Complete 
|  19|0x00000000e1300000, 0x00000000e1400000, 0x00000000e1400000|100%|HC|  |TAMS 0x00000000e1400000, 0x00000000e1300000| Complete 
|  20|0x00000000e1400000, 0x00000000e1500000, 0x00000000e1500000|100%|HS|  |TAMS 0x00000000e1500000, 0x00000000e1400000| Complete 
|  21|0x00000000e1500000, 0x00000000e1600000, 0x00000000e1600000|100%|HC|  |TAMS 0x00000000e1600000, 0x00000000e1500000| Complete 
|  22|0x00000000e1600000, 0x00000000e1600000, 0x00000000e1700000|  0%| F|  |TAMS 0x00000000e1600000, 0x00000000e1600000| Untracked 
|  23|0x00000000e1700000, 0x00000000e1700000, 0x00000000e1800000|  0%| F|  |TAMS 0x00000000e1700000, 0x00000000e1700000| Untracked 
|  24|0x00000000e1800000, 0x00000000e1900000, 0x00000000e1900000|100%|HS|  |TAMS 0x00000000e1900000, 0x00000000e1800000| Complete 
|  25|0x00000000e1900000, 0x00000000e1a00000, 0x00000000e1a00000|100%|HC|  |TAMS 0x00000000e1a00000, 0x00000000e1900000| Complete 
|  26|0x00000000e1a00000, 0x00000000e1b00000, 0x00000000e1b00000|100%| O|  |TAMS 0x00000000e1a00000, 0x00000000e1a00000| Untracked 
|  27|0x00000000e1b00000, 0x00000000e1c00000, 0x00000000e1c00000|100%| O|  |TAMS 0x00000000e1b00000, 0x00000000e1b00000| Untracked 
|  28|0x00000000e1c00000, 0x00000000e1d00000, 0x00000000e1d00000|100%| O|  |TAMS 0x00000000e1c00000, 0x00000000e1c00000| Untracked 
|  29|0x00000000e1d00000, 0x00000000e1e00000, 0x00000000e1e00000|100%| O|  |TAMS 0x00000000e1d00000, 0x00000000e1d00000| Untracked 
|  30|0x00000000e1e00000, 0x00000000e1f00000, 0x00000000e1f00000|100%| O|  |TAMS 0x00000000e1e00000, 0x00000000e1e00000| Untracked 
|  31|0x00000000e1f00000, 0x00000000e2000000, 0x00000000e2000000|100%| O|  |TAMS 0x00000000e1f00000, 0x00000000e1f00000| Untracked 
|  32|0x00000000e2000000, 0x00000000e2100000, 0x00000000e2100000|100%| O|  |TAMS 0x00000000e2000000, 0x00000000e2000000| Untracked 
|  33|0x00000000e2100000, 0x00000000e2200000, 0x00000000e2200000|100%| O|  |TAMS 0x00000000e2100000, 0x00000000e2100000| Untracked 
|  34|0x00000000e2200000, 0x00000000e2300000, 0x00000000e2300000|100%| O|  |TAMS 0x00000000e2200000, 0x00000000e2200000| Untracked 
|  35|0x00000000e2300000, 0x00000000e2400000, 0x00000000e2400000|100%| O|  |TAMS 0x00000000e2300000, 0x00000000e2300000| Untracked 
|  36|0x00000000e2400000, 0x00000000e2500000, 0x00000000e2500000|100%| O|  |TAMS 0x00000000e2400000, 0x00000000e2400000| Untracked 
|  37|0x00000000e2500000, 0x00000000e2600000, 0x00000000e2600000|100%| O|  |TAMS 0x00000000e2500000, 0x00000000e2500000| Untracked 
|  38|0x00000000e2600000, 0x00000000e2673600, 0x00000000e2700000| 45%| O|  |TAMS 0x00000000e2600000, 0x00000000e2600000| Untracked 
|  39|0x00000000e2700000, 0x00000000e2800000, 0x00000000e2800000|100%|HS|  |TAMS 0x00000000e2700000, 0x00000000e2700000| Complete 
|  40|0x00000000e2800000, 0x00000000e2900000, 0x00000000e2900000|100%|HC|  |TAMS 0x00000000e2800000, 0x00000000e2800000| Complete 
|  41|0x00000000e2900000, 0x00000000e2a00000, 0x00000000e2a00000|100%|HC|  |TAMS 0x00000000e2900000, 0x00000000e2900000| Complete 
|  42|0x00000000e2a00000, 0x00000000e2b00000, 0x00000000e2b00000|100%|HC|  |TAMS 0x00000000e2a00000, 0x00000000e2a00000| Complete 
|  43|0x00000000e2b00000, 0x00000000e2c00000, 0x00000000e2c00000|100%|HS|  |TAMS 0x00000000e2b00000, 0x00000000e2b00000| Complete 
|  44|0x00000000e2c00000, 0x00000000e2d00000, 0x00000000e2d00000|100%|HC|  |TAMS 0x00000000e2c00000, 0x00000000e2c00000| Complete 
|  45|0x00000000e2d00000, 0x00000000e2e00000, 0x00000000e2e00000|100%|HC|  |TAMS 0x00000000e2d00000, 0x00000000e2d00000| Complete 
|  46|0x00000000e2e00000, 0x00000000e2e00000, 0x00000000e2f00000|  0%| F|  |TAMS 0x00000000e2e00000, 0x00000000e2e00000| Untracked 
|  47|0x00000000e2f00000, 0x00000000e2f00000, 0x00000000e3000000|  0%| F|  |TAMS 0x00000000e2f00000, 0x00000000e2f00000| Untracked 
|  48|0x00000000e3000000, 0x00000000e3000000, 0x00000000e3100000|  0%| F|  |TAMS 0x00000000e3000000, 0x00000000e3000000| Untracked 
|  49|0x00000000e3100000, 0x00000000e3100000, 0x00000000e3200000|  0%| F|  |TAMS 0x00000000e3100000, 0x00000000e3100000| Untracked 
|  50|0x00000000e3200000, 0x00000000e3200000, 0x00000000e3300000|  0%| F|  |TAMS 0x00000000e3200000, 0x00000000e3200000| Untracked 
|  51|0x00000000e3300000, 0x00000000e3300000, 0x00000000e3400000|  0%| F|  |TAMS 0x00000000e3300000, 0x00000000e3300000| Untracked 
|  52|0x00000000e3400000, 0x00000000e3400000, 0x00000000e3500000|  0%| F|  |TAMS 0x00000000e3400000, 0x00000000e3400000| Untracked 
|  53|0x00000000e3500000, 0x00000000e3500000, 0x00000000e3600000|  0%| F|  |TAMS 0x00000000e3500000, 0x00000000e3500000| Untracked 
|  54|0x00000000e3600000, 0x00000000e3600000, 0x00000000e3700000|  0%| F|  |TAMS 0x00000000e3600000, 0x00000000e3600000| Untracked 
|  55|0x00000000e3700000, 0x00000000e3700000, 0x00000000e3800000|  0%| F|  |TAMS 0x00000000e3700000, 0x00000000e3700000| Untracked 
|  56|0x00000000e3800000, 0x00000000e3800000, 0x00000000e3900000|  0%| F|  |TAMS 0x00000000e3800000, 0x00000000e3800000| Untracked 
|  57|0x00000000e3900000, 0x00000000e3900000, 0x00000000e3a00000|  0%| F|  |TAMS 0x00000000e3900000, 0x00000000e3900000| Untracked 
|  58|0x00000000e3a00000, 0x00000000e3a00000, 0x00000000e3b00000|  0%| F|  |TAMS 0x00000000e3a00000, 0x00000000e3a00000| Untracked 
|  59|0x00000000e3b00000, 0x00000000e3b00000, 0x00000000e3c00000|  0%| F|  |TAMS 0x00000000e3b00000, 0x00000000e3b00000| Untracked 
|  60|0x00000000e3c00000, 0x00000000e3c00000, 0x00000000e3d00000|  0%| F|  |TAMS 0x00000000e3c00000, 0x00000000e3c00000| Untracked 
|  61|0x00000000e3d00000, 0x00000000e3d00000, 0x00000000e3e00000|  0%| F|  |TAMS 0x00000000e3d00000, 0x00000000e3d00000| Untracked 
|  62|0x00000000e3e00000, 0x00000000e3e00000, 0x00000000e3f00000|  0%| F|  |TAMS 0x00000000e3e00000, 0x00000000e3e00000| Untracked 
|  63|0x00000000e3f00000, 0x00000000e3f00000, 0x00000000e4000000|  0%| F|  |TAMS 0x00000000e3f00000, 0x00000000e3f00000| Untracked 
|  64|0x00000000e4000000, 0x00000000e4000000, 0x00000000e4100000|  0%| F|  |TAMS 0x00000000e4000000, 0x00000000e4000000| Untracked 
|  65|0x00000000e4100000, 0x00000000e4100000, 0x00000000e4200000|  0%| F|  |TAMS 0x00000000e4100000, 0x00000000e4100000| Untracked 
|  66|0x00000000e4200000, 0x00000000e4200000, 0x00000000e4300000|  0%| F|  |TAMS 0x00000000e4200000, 0x00000000e4200000| Untracked 
|  67|0x00000000e4300000, 0x00000000e4300000, 0x00000000e4400000|  0%| F|  |TAMS 0x00000000e4300000, 0x00000000e4300000| Untracked 
|  68|0x00000000e4400000, 0x00000000e4400000, 0x00000000e4500000|  0%| F|  |TAMS 0x00000000e4400000, 0x00000000e4400000| Untracked 
|  69|0x00000000e4500000, 0x00000000e4500000, 0x00000000e4600000|  0%| F|  |TAMS 0x00000000e4500000, 0x00000000e4500000| Untracked 
|  70|0x00000000e4600000, 0x00000000e4600000, 0x00000000e4700000|  0%| F|  |TAMS 0x00000000e4600000, 0x00000000e4600000| Untracked 
|  71|0x00000000e4700000, 0x00000000e4700000, 0x00000000e4800000|  0%| F|  |TAMS 0x00000000e4700000, 0x00000000e4700000| Untracked 
|  72|0x00000000e4800000, 0x00000000e4800000, 0x00000000e4900000|  0%| F|  |TAMS 0x00000000e4800000, 0x00000000e4800000| Untracked 
|  73|0x00000000e4900000, 0x00000000e4900000, 0x00000000e4a00000|  0%| F|  |TAMS 0x00000000e4900000, 0x00000000e4900000| Untracked 
|  74|0x00000000e4a00000, 0x00000000e4a00000, 0x00000000e4b00000|  0%| F|  |TAMS 0x00000000e4a00000, 0x00000000e4a00000| Untracked 
|  75|0x00000000e4b00000, 0x00000000e4b00000, 0x00000000e4c00000|  0%| F|  |TAMS 0x00000000e4b00000, 0x00000000e4b00000| Untracked 
|  76|0x00000000e4c00000, 0x00000000e4c00000, 0x00000000e4d00000|  0%| F|  |TAMS 0x00000000e4c00000, 0x00000000e4c00000| Untracked 
|  77|0x00000000e4d00000, 0x00000000e4d00000, 0x00000000e4e00000|  0%| F|  |TAMS 0x00000000e4d00000, 0x00000000e4d00000| Untracked 
|  78|0x00000000e4e00000, 0x00000000e4e00000, 0x00000000e4f00000|  0%| F|  |TAMS 0x00000000e4e00000, 0x00000000e4e00000| Untracked 
|  79|0x00000000e4f00000, 0x00000000e4f00000, 0x00000000e5000000|  0%| F|  |TAMS 0x00000000e4f00000, 0x00000000e4f00000| Untracked 
|  80|0x00000000e5000000, 0x00000000e5000000, 0x00000000e5100000|  0%| F|  |TAMS 0x00000000e5000000, 0x00000000e5000000| Untracked 
|  81|0x00000000e5100000, 0x00000000e5100000, 0x00000000e5200000|  0%| F|  |TAMS 0x00000000e5100000, 0x00000000e5100000| Untracked 
|  82|0x00000000e5200000, 0x00000000e5200000, 0x00000000e5300000|  0%| F|  |TAMS 0x00000000e5200000, 0x00000000e5200000| Untracked 
|  83|0x00000000e5300000, 0x00000000e5300000, 0x00000000e5400000|  0%| F|  |TAMS 0x00000000e5300000, 0x00000000e5300000| Untracked 
|  84|0x00000000e5400000, 0x00000000e5400000, 0x00000000e5500000|  0%| F|  |TAMS 0x00000000e5400000, 0x00000000e5400000| Untracked 
|  85|0x00000000e5500000, 0x00000000e5500000, 0x00000000e5600000|  0%| F|  |TAMS 0x00000000e5500000, 0x00000000e5500000| Untracked 
|  86|0x00000000e5600000, 0x00000000e5600000, 0x00000000e5700000|  0%| F|  |TAMS 0x00000000e5600000, 0x00000000e5600000| Untracked 
|  87|0x00000000e5700000, 0x00000000e5700000, 0x00000000e5800000|  0%| F|  |TAMS 0x00000000e5700000, 0x00000000e5700000| Untracked 
|  88|0x00000000e5800000, 0x00000000e5800000, 0x00000000e5900000|  0%| F|  |TAMS 0x00000000e5800000, 0x00000000e5800000| Untracked 
|  89|0x00000000e5900000, 0x00000000e5900000, 0x00000000e5a00000|  0%| F|  |TAMS 0x00000000e5900000, 0x00000000e5900000| Untracked 
|  90|0x00000000e5a00000, 0x00000000e5a00000, 0x00000000e5b00000|  0%| F|  |TAMS 0x00000000e5a00000, 0x00000000e5a00000| Untracked 
|  91|0x00000000e5b00000, 0x00000000e5b00000, 0x00000000e5c00000|  0%| F|  |TAMS 0x00000000e5b00000, 0x00000000e5b00000| Untracked 
|  92|0x00000000e5c00000, 0x00000000e5c00000, 0x00000000e5d00000|  0%| F|  |TAMS 0x00000000e5c00000, 0x00000000e5c00000| Untracked 
|  93|0x00000000e5d00000, 0x00000000e5d00000, 0x00000000e5e00000|  0%| F|  |TAMS 0x00000000e5d00000, 0x00000000e5d00000| Untracked 
|  94|0x00000000e5e00000, 0x00000000e5e00000, 0x00000000e5f00000|  0%| F|  |TAMS 0x00000000e5e00000, 0x00000000e5e00000| Untracked 
|  95|0x00000000e5f00000, 0x00000000e5f00000, 0x00000000e6000000|  0%| F|  |TAMS 0x00000000e5f00000, 0x00000000e5f00000| Untracked 
|  96|0x00000000e6000000, 0x00000000e6000000, 0x00000000e6100000|  0%| F|  |TAMS 0x00000000e6000000, 0x00000000e6000000| Untracked 
|  97|0x00000000e6100000, 0x00000000e6100000, 0x00000000e6200000|  0%| F|  |TAMS 0x00000000e6100000, 0x00000000e6100000| Untracked 
|  98|0x00000000e6200000, 0x00000000e6200000, 0x00000000e6300000|  0%| F|  |TAMS 0x00000000e6200000, 0x00000000e6200000| Untracked 
|  99|0x00000000e6300000, 0x00000000e6300000, 0x00000000e6400000|  0%| F|  |TAMS 0x00000000e6300000, 0x00000000e6300000| Untracked 
| 100|0x00000000e6400000, 0x00000000e6400000, 0x00000000e6500000|  0%| F|  |TAMS 0x00000000e6400000, 0x00000000e6400000| Untracked 
| 101|0x00000000e6500000, 0x00000000e6500000, 0x00000000e6600000|  0%| F|  |TAMS 0x00000000e6500000, 0x00000000e6500000| Untracked 
| 102|0x00000000e6600000, 0x00000000e6600000, 0x00000000e6700000|  0%| F|  |TAMS 0x00000000e6600000, 0x00000000e6600000| Untracked 
| 103|0x00000000e6700000, 0x00000000e6700000, 0x00000000e6800000|  0%| F|  |TAMS 0x00000000e6700000, 0x00000000e6700000| Untracked 
| 104|0x00000000e6800000, 0x00000000e6800000, 0x00000000e6900000|  0%| F|  |TAMS 0x00000000e6800000, 0x00000000e6800000| Untracked 
| 105|0x00000000e6900000, 0x00000000e6900000, 0x00000000e6a00000|  0%| F|  |TAMS 0x00000000e6900000, 0x00000000e6900000| Untracked 
| 106|0x00000000e6a00000, 0x00000000e6a00000, 0x00000000e6b00000|  0%| F|  |TAMS 0x00000000e6a00000, 0x00000000e6a00000| Untracked 
| 107|0x00000000e6b00000, 0x00000000e6b00000, 0x00000000e6c00000|  0%| F|  |TAMS 0x00000000e6b00000, 0x00000000e6b00000| Untracked 
| 108|0x00000000e6c00000, 0x00000000e6c00000, 0x00000000e6d00000|  0%| F|  |TAMS 0x00000000e6c00000, 0x00000000e6c00000| Untracked 
| 109|0x00000000e6d00000, 0x00000000e6d00000, 0x00000000e6e00000|  0%| F|  |TAMS 0x00000000e6d00000, 0x00000000e6d00000| Untracked 
| 110|0x00000000e6e00000, 0x00000000e6e00000, 0x00000000e6f00000|  0%| F|  |TAMS 0x00000000e6e00000, 0x00000000e6e00000| Untracked 
| 111|0x00000000e6f00000, 0x00000000e6f00000, 0x00000000e7000000|  0%| F|  |TAMS 0x00000000e6f00000, 0x00000000e6f00000| Untracked 
| 112|0x00000000e7000000, 0x00000000e7000000, 0x00000000e7100000|  0%| F|  |TAMS 0x00000000e7000000, 0x00000000e7000000| Untracked 
| 113|0x00000000e7100000, 0x00000000e7100000, 0x00000000e7200000|  0%| F|  |TAMS 0x00000000e7100000, 0x00000000e7100000| Untracked 
| 114|0x00000000e7200000, 0x00000000e7200000, 0x00000000e7300000|  0%| F|  |TAMS 0x00000000e7200000, 0x00000000e7200000| Untracked 
| 115|0x00000000e7300000, 0x00000000e7300000, 0x00000000e7400000|  0%| F|  |TAMS 0x00000000e7300000, 0x00000000e7300000| Untracked 
| 116|0x00000000e7400000, 0x00000000e7400000, 0x00000000e7500000|  0%| F|  |TAMS 0x00000000e7400000, 0x00000000e7400000| Untracked 
| 117|0x00000000e7500000, 0x00000000e7580800, 0x00000000e7600000| 50%| E|  |TAMS 0x00000000e7500000, 0x00000000e7500000| Complete 
| 118|0x00000000e7600000, 0x00000000e7700000, 0x00000000e7700000|100%| E|CS|TAMS 0x00000000e7600000, 0x00000000e7600000| Complete 
| 119|0x00000000e7700000, 0x00000000e7800000, 0x00000000e7800000|100%| E|CS|TAMS 0x00000000e7700000, 0x00000000e7700000| Complete 
| 120|0x00000000e7800000, 0x00000000e7900000, 0x00000000e7900000|100%| E|CS|TAMS 0x00000000e7800000, 0x00000000e7800000| Complete 
| 121|0x00000000e7900000, 0x00000000e7a00000, 0x00000000e7a00000|100%| E|CS|TAMS 0x00000000e7900000, 0x00000000e7900000| Complete 
| 122|0x00000000e7a00000, 0x00000000e7b00000, 0x00000000e7b00000|100%| E|CS|TAMS 0x00000000e7a00000, 0x00000000e7a00000| Complete 
| 123|0x00000000e7b00000, 0x00000000e7c00000, 0x00000000e7c00000|100%| E|CS|TAMS 0x00000000e7b00000, 0x00000000e7b00000| Complete 
| 124|0x00000000e7c00000, 0x00000000e7d00000, 0x00000000e7d00000|100%| E|CS|TAMS 0x00000000e7c00000, 0x00000000e7c00000| Complete 
| 125|0x00000000e7d00000, 0x00000000e7e00000, 0x00000000e7e00000|100%| E|CS|TAMS 0x00000000e7d00000, 0x00000000e7d00000| Complete 
| 126|0x00000000e7e00000, 0x00000000e7f00000, 0x00000000e7f00000|100%| E|CS|TAMS 0x00000000e7e00000, 0x00000000e7e00000| Complete 
| 127|0x00000000e7f00000, 0x00000000e8000000, 0x00000000e8000000|100%| E|CS|TAMS 0x00000000e7f00000, 0x00000000e7f00000| Complete 
| 128|0x00000000e8000000, 0x00000000e8100000, 0x00000000e8100000|100%| E|CS|TAMS 0x00000000e8000000, 0x00000000e8000000| Complete 
| 129|0x00000000e8100000, 0x00000000e8200000, 0x00000000e8200000|100%| E|CS|TAMS 0x00000000e8100000, 0x00000000e8100000| Complete 
| 130|0x00000000e8200000, 0x00000000e8300000, 0x00000000e8300000|100%| E|CS|TAMS 0x00000000e8200000, 0x00000000e8200000| Complete 
| 131|0x00000000e8300000, 0x00000000e8400000, 0x00000000e8400000|100%| E|CS|TAMS 0x00000000e8300000, 0x00000000e8300000| Complete 
| 132|0x00000000e8400000, 0x00000000e8500000, 0x00000000e8500000|100%| E|CS|TAMS 0x00000000e8400000, 0x00000000e8400000| Complete 
| 133|0x00000000e8500000, 0x00000000e8600000, 0x00000000e8600000|100%| E|CS|TAMS 0x00000000e8500000, 0x00000000e8500000| Complete 
| 134|0x00000000e8600000, 0x00000000e8700000, 0x00000000e8700000|100%| E|CS|TAMS 0x00000000e8600000, 0x00000000e8600000| Complete 
| 135|0x00000000e8700000, 0x00000000e8800000, 0x00000000e8800000|100%| E|CS|TAMS 0x00000000e8700000, 0x00000000e8700000| Complete 
| 136|0x00000000e8800000, 0x00000000e8900000, 0x00000000e8900000|100%| E|CS|TAMS 0x00000000e8800000, 0x00000000e8800000| Complete 
| 137|0x00000000e8900000, 0x00000000e8a00000, 0x00000000e8a00000|100%| E|CS|TAMS 0x00000000e8900000, 0x00000000e8900000| Complete 
| 138|0x00000000e8a00000, 0x00000000e8b00000, 0x00000000e8b00000|100%| E|CS|TAMS 0x00000000e8a00000, 0x00000000e8a00000| Complete 
| 139|0x00000000e8b00000, 0x00000000e8c00000, 0x00000000e8c00000|100%| E|CS|TAMS 0x00000000e8b00000, 0x00000000e8b00000| Complete 
| 140|0x00000000e8c00000, 0x00000000e8d00000, 0x00000000e8d00000|100%| E|CS|TAMS 0x00000000e8c00000, 0x00000000e8c00000| Complete 
| 141|0x00000000e8d00000, 0x00000000e8e00000, 0x00000000e8e00000|100%| E|CS|TAMS 0x00000000e8d00000, 0x00000000e8d00000| Complete 
| 142|0x00000000e8e00000, 0x00000000e8f00000, 0x00000000e8f00000|100%| E|CS|TAMS 0x00000000e8e00000, 0x00000000e8e00000| Complete 
| 143|0x00000000e8f00000, 0x00000000e9000000, 0x00000000e9000000|100%| E|CS|TAMS 0x00000000e8f00000, 0x00000000e8f00000| Complete 
| 144|0x00000000e9000000, 0x00000000e9100000, 0x00000000e9100000|100%| E|CS|TAMS 0x00000000e9000000, 0x00000000e9000000| Complete 
| 145|0x00000000e9100000, 0x00000000e9200000, 0x00000000e9200000|100%| E|CS|TAMS 0x00000000e9100000, 0x00000000e9100000| Complete 
| 146|0x00000000e9200000, 0x00000000e9300000, 0x00000000e9300000|100%| E|CS|TAMS 0x00000000e9200000, 0x00000000e9200000| Complete 
| 147|0x00000000e9300000, 0x00000000e9400000, 0x00000000e9400000|100%| E|CS|TAMS 0x00000000e9300000, 0x00000000e9300000| Complete 
| 148|0x00000000e9400000, 0x00000000e9500000, 0x00000000e9500000|100%| E|CS|TAMS 0x00000000e9400000, 0x00000000e9400000| Complete 
| 149|0x00000000e9500000, 0x00000000e95c0478, 0x00000000e9600000| 75%| S|CS|TAMS 0x00000000e9500000, 0x00000000e9500000| Complete 
| 150|0x00000000e9600000, 0x00000000e9700000, 0x00000000e9700000|100%| S|CS|TAMS 0x00000000e9600000, 0x00000000e9600000| Complete 
| 151|0x00000000e9700000, 0x00000000e9800000, 0x00000000e9800000|100%| S|CS|TAMS 0x00000000e9700000, 0x00000000e9700000| Complete 
| 152|0x00000000e9800000, 0x00000000e9900000, 0x00000000e9900000|100%| S|CS|TAMS 0x00000000e9800000, 0x00000000e9800000| Complete 
| 153|0x00000000e9900000, 0x00000000e9a00000, 0x00000000e9a00000|100%| S|CS|TAMS 0x00000000e9900000, 0x00000000e9900000| Complete 
| 154|0x00000000e9a00000, 0x00000000e9b00000, 0x00000000e9b00000|100%| S|CS|TAMS 0x00000000e9a00000, 0x00000000e9a00000| Complete 
| 155|0x00000000e9b00000, 0x00000000e9c00000, 0x00000000e9c00000|100%| S|CS|TAMS 0x00000000e9b00000, 0x00000000e9b00000| Complete 
| 156|0x00000000e9c00000, 0x00000000e9d00000, 0x00000000e9d00000|100%| S|CS|TAMS 0x00000000e9c00000, 0x00000000e9c00000| Complete 
| 157|0x00000000e9d00000, 0x00000000e9e00000, 0x00000000e9e00000|100%| S|CS|TAMS 0x00000000e9d00000, 0x00000000e9d00000| Complete 
| 158|0x00000000e9e00000, 0x00000000e9f00000, 0x00000000e9f00000|100%| E|CS|TAMS 0x00000000e9e00000, 0x00000000e9e00000| Complete 
| 159|0x00000000e9f00000, 0x00000000ea000000, 0x00000000ea000000|100%| E|CS|TAMS 0x00000000e9f00000, 0x00000000e9f00000| Complete 
| 160|0x00000000ea000000, 0x00000000ea100000, 0x00000000ea100000|100%| E|CS|TAMS 0x00000000ea000000, 0x00000000ea000000| Complete 
| 161|0x00000000ea100000, 0x00000000ea200000, 0x00000000ea200000|100%| E|CS|TAMS 0x00000000ea100000, 0x00000000ea100000| Complete 
| 162|0x00000000ea200000, 0x00000000ea300000, 0x00000000ea300000|100%| E|CS|TAMS 0x00000000ea200000, 0x00000000ea200000| Complete 
| 163|0x00000000ea300000, 0x00000000ea400000, 0x00000000ea400000|100%| E|CS|TAMS 0x00000000ea300000, 0x00000000ea300000| Complete 
| 164|0x00000000ea400000, 0x00000000ea500000, 0x00000000ea500000|100%| E|CS|TAMS 0x00000000ea400000, 0x00000000ea400000| Complete 
| 165|0x00000000ea500000, 0x00000000ea600000, 0x00000000ea600000|100%| E|CS|TAMS 0x00000000ea500000, 0x00000000ea500000| Complete 
| 166|0x00000000ea600000, 0x00000000ea700000, 0x00000000ea700000|100%| E|CS|TAMS 0x00000000ea600000, 0x00000000ea600000| Complete 
| 167|0x00000000ea700000, 0x00000000ea800000, 0x00000000ea800000|100%| E|CS|TAMS 0x00000000ea700000, 0x00000000ea700000| Complete 
| 168|0x00000000ea800000, 0x00000000ea900000, 0x00000000ea900000|100%| E|CS|TAMS 0x00000000ea800000, 0x00000000ea800000| Complete 
| 169|0x00000000ea900000, 0x00000000eaa00000, 0x00000000eaa00000|100%| E|CS|TAMS 0x00000000ea900000, 0x00000000ea900000| Complete 
| 170|0x00000000eaa00000, 0x00000000eab00000, 0x00000000eab00000|100%| E|CS|TAMS 0x00000000eaa00000, 0x00000000eaa00000| Complete 
| 171|0x00000000eab00000, 0x00000000eac00000, 0x00000000eac00000|100%| E|CS|TAMS 0x00000000eab00000, 0x00000000eab00000| Complete 
| 172|0x00000000eac00000, 0x00000000ead00000, 0x00000000ead00000|100%| E|CS|TAMS 0x00000000eac00000, 0x00000000eac00000| Complete 
| 173|0x00000000ead00000, 0x00000000eae00000, 0x00000000eae00000|100%| E|CS|TAMS 0x00000000ead00000, 0x00000000ead00000| Complete 
| 174|0x00000000eae00000, 0x00000000eaf00000, 0x00000000eaf00000|100%| E|CS|TAMS 0x00000000eae00000, 0x00000000eae00000| Complete 
| 175|0x00000000eaf00000, 0x00000000eb000000, 0x00000000eb000000|100%| E|CS|TAMS 0x00000000eaf00000, 0x00000000eaf00000| Complete 
| 176|0x00000000eb000000, 0x00000000eb100000, 0x00000000eb100000|100%| E|CS|TAMS 0x00000000eb000000, 0x00000000eb000000| Complete 
| 177|0x00000000eb100000, 0x00000000eb200000, 0x00000000eb200000|100%| E|CS|TAMS 0x00000000eb100000, 0x00000000eb100000| Complete 
| 178|0x00000000eb200000, 0x00000000eb300000, 0x00000000eb300000|100%| E|CS|TAMS 0x00000000eb200000, 0x00000000eb200000| Complete 
| 179|0x00000000eb300000, 0x00000000eb400000, 0x00000000eb400000|100%| E|CS|TAMS 0x00000000eb300000, 0x00000000eb300000| Complete 
| 180|0x00000000eb400000, 0x00000000eb500000, 0x00000000eb500000|100%| E|CS|TAMS 0x00000000eb400000, 0x00000000eb400000| Complete 
| 181|0x00000000eb500000, 0x00000000eb600000, 0x00000000eb600000|100%| E|CS|TAMS 0x00000000eb500000, 0x00000000eb500000| Complete 
| 182|0x00000000eb600000, 0x00000000eb700000, 0x00000000eb700000|100%| E|CS|TAMS 0x00000000eb600000, 0x00000000eb600000| Complete 
| 183|0x00000000eb700000, 0x00000000eb800000, 0x00000000eb800000|100%| E|CS|TAMS 0x00000000eb700000, 0x00000000eb700000| Complete 
| 184|0x00000000eb800000, 0x00000000eb900000, 0x00000000eb900000|100%| E|CS|TAMS 0x00000000eb800000, 0x00000000eb800000| Complete 
| 185|0x00000000eb900000, 0x00000000eba00000, 0x00000000eba00000|100%| E|CS|TAMS 0x00000000eb900000, 0x00000000eb900000| Complete 
| 186|0x00000000eba00000, 0x00000000ebb00000, 0x00000000ebb00000|100%| E|CS|TAMS 0x00000000eba00000, 0x00000000eba00000| Complete 
| 187|0x00000000ebb00000, 0x00000000ebc00000, 0x00000000ebc00000|100%| E|CS|TAMS 0x00000000ebb00000, 0x00000000ebb00000| Complete 
| 188|0x00000000ebc00000, 0x00000000ebd00000, 0x00000000ebd00000|100%| E|CS|TAMS 0x00000000ebc00000, 0x00000000ebc00000| Complete 
| 189|0x00000000ebd00000, 0x00000000ebe00000, 0x00000000ebe00000|100%| E|CS|TAMS 0x00000000ebd00000, 0x00000000ebd00000| Complete 
| 190|0x00000000ebe00000, 0x00000000ebf00000, 0x00000000ebf00000|100%| E|CS|TAMS 0x00000000ebe00000, 0x00000000ebe00000| Complete 
| 191|0x00000000ebf00000, 0x00000000ec000000, 0x00000000ec000000|100%| E|CS|TAMS 0x00000000ebf00000, 0x00000000ebf00000| Complete 
| 192|0x00000000ec000000, 0x00000000ec100000, 0x00000000ec100000|100%| E|CS|TAMS 0x00000000ec000000, 0x00000000ec000000| Complete 
| 193|0x00000000ec100000, 0x00000000ec200000, 0x00000000ec200000|100%| E|CS|TAMS 0x00000000ec100000, 0x00000000ec100000| Complete 
| 194|0x00000000ec200000, 0x00000000ec300000, 0x00000000ec300000|100%| E|CS|TAMS 0x00000000ec200000, 0x00000000ec200000| Complete 
| 195|0x00000000ec300000, 0x00000000ec400000, 0x00000000ec400000|100%| E|CS|TAMS 0x00000000ec300000, 0x00000000ec300000| Complete 
| 196|0x00000000ec400000, 0x00000000ec500000, 0x00000000ec500000|100%| E|CS|TAMS 0x00000000ec400000, 0x00000000ec400000| Complete 
| 197|0x00000000ec500000, 0x00000000ec600000, 0x00000000ec600000|100%| E|CS|TAMS 0x00000000ec500000, 0x00000000ec500000| Complete 
| 198|0x00000000ec600000, 0x00000000ec700000, 0x00000000ec700000|100%| E|CS|TAMS 0x00000000ec600000, 0x00000000ec600000| Complete 
| 199|0x00000000ec700000, 0x00000000ec800000, 0x00000000ec800000|100%| E|CS|TAMS 0x00000000ec700000, 0x00000000ec700000| Complete 
| 200|0x00000000ec800000, 0x00000000ec900000, 0x00000000ec900000|100%| E|CS|TAMS 0x00000000ec800000, 0x00000000ec800000| Complete 
| 201|0x00000000ec900000, 0x00000000eca00000, 0x00000000eca00000|100%| E|CS|TAMS 0x00000000ec900000, 0x00000000ec900000| Complete 
| 202|0x00000000eca00000, 0x00000000ecb00000, 0x00000000ecb00000|100%| E|CS|TAMS 0x00000000eca00000, 0x00000000eca00000| Complete 
| 203|0x00000000ecb00000, 0x00000000ecc00000, 0x00000000ecc00000|100%| E|CS|TAMS 0x00000000ecb00000, 0x00000000ecb00000| Complete 
| 204|0x00000000ecc00000, 0x00000000ecd00000, 0x00000000ecd00000|100%| E|CS|TAMS 0x00000000ecc00000, 0x00000000ecc00000| Complete 
| 205|0x00000000ecd00000, 0x00000000ece00000, 0x00000000ece00000|100%| E|CS|TAMS 0x00000000ecd00000, 0x00000000ecd00000| Complete 
| 206|0x00000000ece00000, 0x00000000ecf00000, 0x00000000ecf00000|100%| E|CS|TAMS 0x00000000ece00000, 0x00000000ece00000| Complete 
| 207|0x00000000ecf00000, 0x00000000ed000000, 0x00000000ed000000|100%| E|CS|TAMS 0x00000000ecf00000, 0x00000000ecf00000| Complete 
| 208|0x00000000ed000000, 0x00000000ed100000, 0x00000000ed100000|100%| E|CS|TAMS 0x00000000ed000000, 0x00000000ed000000| Complete 
| 209|0x00000000ed100000, 0x00000000ed200000, 0x00000000ed200000|100%| E|CS|TAMS 0x00000000ed100000, 0x00000000ed100000| Complete 
| 210|0x00000000ed200000, 0x00000000ed300000, 0x00000000ed300000|100%| E|CS|TAMS 0x00000000ed200000, 0x00000000ed200000| Complete 
| 211|0x00000000ed300000, 0x00000000ed400000, 0x00000000ed400000|100%| E|CS|TAMS 0x00000000ed300000, 0x00000000ed300000| Complete 
| 212|0x00000000ed400000, 0x00000000ed500000, 0x00000000ed500000|100%| E|CS|TAMS 0x00000000ed400000, 0x00000000ed400000| Complete 
| 213|0x00000000ed500000, 0x00000000ed600000, 0x00000000ed600000|100%| E|CS|TAMS 0x00000000ed500000, 0x00000000ed500000| Complete 
| 214|0x00000000ed600000, 0x00000000ed700000, 0x00000000ed700000|100%| E|CS|TAMS 0x00000000ed600000, 0x00000000ed600000| Complete 
| 215|0x00000000ed700000, 0x00000000ed800000, 0x00000000ed800000|100%| E|CS|TAMS 0x00000000ed700000, 0x00000000ed700000| Complete 
| 216|0x00000000ed800000, 0x00000000ed900000, 0x00000000ed900000|100%| E|CS|TAMS 0x00000000ed800000, 0x00000000ed800000| Complete 
| 217|0x00000000ed900000, 0x00000000eda00000, 0x00000000eda00000|100%| E|CS|TAMS 0x00000000ed900000, 0x00000000ed900000| Complete 
| 218|0x00000000eda00000, 0x00000000edb00000, 0x00000000edb00000|100%| E|CS|TAMS 0x00000000eda00000, 0x00000000eda00000| Complete 
| 219|0x00000000edb00000, 0x00000000edc00000, 0x00000000edc00000|100%| E|CS|TAMS 0x00000000edb00000, 0x00000000edb00000| Complete 
| 220|0x00000000edc00000, 0x00000000edd00000, 0x00000000edd00000|100%| E|CS|TAMS 0x00000000edc00000, 0x00000000edc00000| Complete 
| 221|0x00000000edd00000, 0x00000000ede00000, 0x00000000ede00000|100%| E|CS|TAMS 0x00000000edd00000, 0x00000000edd00000| Complete 
| 222|0x00000000ede00000, 0x00000000edf00000, 0x00000000edf00000|100%| E|CS|TAMS 0x00000000ede00000, 0x00000000ede00000| Complete 
| 223|0x00000000edf00000, 0x00000000ee000000, 0x00000000ee000000|100%| E|CS|TAMS 0x00000000edf00000, 0x00000000edf00000| Complete 
| 224|0x00000000ee000000, 0x00000000ee100000, 0x00000000ee100000|100%| E|CS|TAMS 0x00000000ee000000, 0x00000000ee000000| Complete 
| 225|0x00000000ee100000, 0x00000000ee200000, 0x00000000ee200000|100%| E|CS|TAMS 0x00000000ee100000, 0x00000000ee100000| Complete 
| 226|0x00000000ee200000, 0x00000000ee300000, 0x00000000ee300000|100%| E|CS|TAMS 0x00000000ee200000, 0x00000000ee200000| Complete 
| 227|0x00000000ee300000, 0x00000000ee400000, 0x00000000ee400000|100%| E|CS|TAMS 0x00000000ee300000, 0x00000000ee300000| Complete 
| 228|0x00000000ee400000, 0x00000000ee500000, 0x00000000ee500000|100%| E|CS|TAMS 0x00000000ee400000, 0x00000000ee400000| Complete 
| 229|0x00000000ee500000, 0x00000000ee600000, 0x00000000ee600000|100%| E|CS|TAMS 0x00000000ee500000, 0x00000000ee500000| Complete 
| 230|0x00000000ee600000, 0x00000000ee700000, 0x00000000ee700000|100%| E|CS|TAMS 0x00000000ee600000, 0x00000000ee600000| Complete 
| 231|0x00000000ee700000, 0x00000000ee800000, 0x00000000ee800000|100%| E|CS|TAMS 0x00000000ee700000, 0x00000000ee700000| Complete 
| 232|0x00000000ee800000, 0x00000000ee900000, 0x00000000ee900000|100%| E|CS|TAMS 0x00000000ee800000, 0x00000000ee800000| Complete 
| 233|0x00000000ee900000, 0x00000000eea00000, 0x00000000eea00000|100%| E|CS|TAMS 0x00000000ee900000, 0x00000000ee900000| Complete 
| 234|0x00000000eea00000, 0x00000000eeb00000, 0x00000000eeb00000|100%| E|CS|TAMS 0x00000000eea00000, 0x00000000eea00000| Complete 
| 235|0x00000000eeb00000, 0x00000000eec00000, 0x00000000eec00000|100%| E|CS|TAMS 0x00000000eeb00000, 0x00000000eeb00000| Complete 
| 236|0x00000000eec00000, 0x00000000eed00000, 0x00000000eed00000|100%| E|CS|TAMS 0x00000000eec00000, 0x00000000eec00000| Complete 
| 237|0x00000000eed00000, 0x00000000eee00000, 0x00000000eee00000|100%| E|CS|TAMS 0x00000000eed00000, 0x00000000eed00000| Complete 
| 238|0x00000000eee00000, 0x00000000eef00000, 0x00000000eef00000|100%| E|CS|TAMS 0x00000000eee00000, 0x00000000eee00000| Complete 
| 239|0x00000000eef00000, 0x00000000ef000000, 0x00000000ef000000|100%| E|CS|TAMS 0x00000000eef00000, 0x00000000eef00000| Complete 
| 240|0x00000000ef000000, 0x00000000ef100000, 0x00000000ef100000|100%| E|CS|TAMS 0x00000000ef000000, 0x00000000ef000000| Complete 
| 241|0x00000000ef100000, 0x00000000ef200000, 0x00000000ef200000|100%| E|CS|TAMS 0x00000000ef100000, 0x00000000ef100000| Complete 
| 242|0x00000000ef200000, 0x00000000ef300000, 0x00000000ef300000|100%| E|CS|TAMS 0x00000000ef200000, 0x00000000ef200000| Complete 
| 243|0x00000000ef300000, 0x00000000ef400000, 0x00000000ef400000|100%| E|CS|TAMS 0x00000000ef300000, 0x00000000ef300000| Complete 
| 244|0x00000000ef400000, 0x00000000ef500000, 0x00000000ef500000|100%| E|CS|TAMS 0x00000000ef400000, 0x00000000ef400000| Complete 
| 245|0x00000000ef500000, 0x00000000ef600000, 0x00000000ef600000|100%| E|CS|TAMS 0x00000000ef500000, 0x00000000ef500000| Complete 
| 246|0x00000000ef600000, 0x00000000ef700000, 0x00000000ef700000|100%| E|CS|TAMS 0x00000000ef600000, 0x00000000ef600000| Complete 
| 247|0x00000000ef700000, 0x00000000ef800000, 0x00000000ef800000|100%| E|CS|TAMS 0x00000000ef700000, 0x00000000ef700000| Complete 
| 248|0x00000000ef800000, 0x00000000ef900000, 0x00000000ef900000|100%| E|CS|TAMS 0x00000000ef800000, 0x00000000ef800000| Complete 
| 249|0x00000000ef900000, 0x00000000efa00000, 0x00000000efa00000|100%| E|CS|TAMS 0x00000000ef900000, 0x00000000ef900000| Complete 
| 250|0x00000000efa00000, 0x00000000efb00000, 0x00000000efb00000|100%| E|CS|TAMS 0x00000000efa00000, 0x00000000efa00000| Complete 
| 251|0x00000000efb00000, 0x00000000efc00000, 0x00000000efc00000|100%| E|CS|TAMS 0x00000000efb00000, 0x00000000efb00000| Complete 
| 252|0x00000000efc00000, 0x00000000efd00000, 0x00000000efd00000|100%| E|CS|TAMS 0x00000000efc00000, 0x00000000efc00000| Complete 
| 253|0x00000000efd00000, 0x00000000efe00000, 0x00000000efe00000|100%| E|CS|TAMS 0x00000000efd00000, 0x00000000efd00000| Complete 
| 254|0x00000000efe00000, 0x00000000eff00000, 0x00000000eff00000|100%| E|CS|TAMS 0x00000000efe00000, 0x00000000efe00000| Complete 
| 255|0x00000000eff00000, 0x00000000f0000000, 0x00000000f0000000|100%| E|CS|TAMS 0x00000000eff00000, 0x00000000eff00000| Complete 

Card table byte_map: [0x0000026eb7260000,0x0000026eb7360000] _byte_map_base: 0x0000026eb6b60000

Marking Bits (Prev, Next): (CMBitMap*) 0x0000026e9e73c460, (CMBitMap*) 0x0000026e9e73c4a0
 Prev Bits: [0x0000026eb7460000, 0x0000026eb7c60000)
 Next Bits: [0x0000026eb7c60000, 0x0000026eb8460000)

Polling page: 0x0000026e9e7f0000

Metaspace:

Usage:
  Non-class:     33.43 MB used.
      Class:      5.40 MB used.
       Both:     38.83 MB used.

Virtual space:
  Non-class space:       40.00 MB reserved,      33.62 MB ( 84%) committed,  5 nodes.
      Class space:      208.00 MB reserved,       5.62 MB (  3%) committed,  1 nodes.
             Both:      248.00 MB reserved,      39.25 MB ( 16%) committed. 

Chunk freelists:
   Non-Class:  2.39 MB
       Class:  2.42 MB
        Both:  4.81 MB

MaxMetaspaceSize: 256.00 MB
CompressedClassSpaceSize: 208.00 MB
Initial GC threshold: 21.00 MB
Current GC threshold: 59.00 MB
CDS: on
MetaspaceReclaimPolicy: balanced
 - commit_granule_bytes: 65536.
 - commit_granule_words: 8192.
 - virtual_space_node_default_size: 1048576.
 - enlarge_chunks_in_place: 1.
 - new_chunks_are_fully_committed: 0.
 - uncommit_free_chunks: 1.
 - use_allocation_guard: 0.
 - handle_deallocations: 1.


Internal statistics:

num_allocs_failed_limit: 6.
num_arena_births: 374.
num_arena_deaths: 0.
num_vsnodes_births: 6.
num_vsnodes_deaths: 0.
num_space_committed: 628.
num_space_uncommitted: 0.
num_chunks_returned_to_freelist: 6.
num_chunks_taken_from_freelist: 1850.
num_chunk_merges: 6.
num_chunk_splits: 1251.
num_chunks_enlarged: 875.
num_purges: 0.
num_inconsistent_stats: 0.

CodeHeap 'non-profiled nmethods': size=120000Kb used=3185Kb max_used=3185Kb free=116814Kb
 bounds [0x0000026eaf1c0000, 0x0000026eaf4e0000, 0x0000026eb66f0000]
CodeHeap 'profiled nmethods': size=120000Kb used=10300Kb max_used=10300Kb free=109699Kb
 bounds [0x0000026ea7c90000, 0x0000026ea86a0000, 0x0000026eaf1c0000]
CodeHeap 'non-nmethods': size=5760Kb used=2305Kb max_used=2362Kb free=3454Kb
 bounds [0x0000026ea76f0000, 0x0000026ea7960000, 0x0000026ea7c90000]
 total_blobs=5760 nmethods=4945 adapters=727
 compilation: enabled
              stopped_count=0, restarted_count=0
 full_count=0

Compilation events (20 events):
Event: 6.429 Thread 0x0000026ebaeb4900 4913       1       groovyjarjarantlr4.v4.runtime.Lexer::mode (6 bytes)
Event: 6.429 Thread 0x0000026ebaeb4900 nmethod 4913 0x0000026eaf4ca090 code [0x0000026eaf4ca220, 0x0000026eaf4ca2f8]
Event: 6.430 Thread 0x0000026ebaeb4900 4914       3       java.util.ArrayList::fastRemove (44 bytes)
Event: 6.430 Thread 0x0000026ebaeb4900 nmethod 4914 0x0000026ea8680390 code [0x0000026ea8680540, 0x0000026ea8680948]
Event: 6.432 Thread 0x0000026ebc8f5db0 nmethod 4881 0x0000026eaf4ca390 code [0x0000026eaf4ca580, 0x0000026eaf4cc078]
Event: 6.432 Thread 0x0000026ebc8f5db0 4901       4       java.util.TimSort::binarySort (223 bytes)
Event: 6.433 Thread 0x0000026ebaeb4900 4915       3       java.util.TimSort::mergeLo (659 bytes)
Event: 6.435 Thread 0x0000026ebaeb4900 nmethod 4915 0x0000026ea8680a90 code [0x0000026ea8680e20, 0x0000026ea86832f8]
Event: 6.435 Thread 0x0000026ebaeb4900 4916   !   3       org.apache.groovy.parser.antlr4.GroovyParser::identifier (183 bytes)
Event: 6.436 Thread 0x0000026ebaeb4900 nmethod 4916 0x0000026ea8683a90 code [0x0000026ea8683d60, 0x0000026ea86851e8]
Event: 6.436 Thread 0x0000026ebaeb4900 4917       3       org.apache.groovy.parser.antlr4.GroovyParser$IdentifierContext::<init> (7 bytes)
Event: 6.437 Thread 0x0000026ebaeb4900 nmethod 4917 0x0000026ea8685a10 code [0x0000026ea8685bc0, 0x0000026ea8685ed8]
Event: 6.441 Thread 0x0000026ebaeb4900 4918       3       java.util.HashMap$TreeNode::treeify (221 bytes)
Event: 6.443 Thread 0x0000026ebaeb4900 nmethod 4918 0x0000026ea8686010 code [0x0000026ea8686260, 0x0000026ea8686e48]
Event: 6.443 Thread 0x0000026ebaeb4900 4919       3       groovyjarjarantlr4.v4.runtime.dfa.ArrayEdgeMap::get (32 bytes)
Event: 6.444 Thread 0x0000026ebaeb4900 nmethod 4919 0x0000026ea8687210 code [0x0000026ea86874a0, 0x0000026ea8688128]
Event: 6.447 Thread 0x0000026ebaeb3650 nmethod 4332 0x0000026eaf4cce10 code [0x0000026eaf4cd420, 0x0000026eaf4d4940]
Event: 6.447 Thread 0x0000026ebc8f5db0 nmethod 4901 0x0000026eaf4d9510 code [0x0000026eaf4d96a0, 0x0000026eaf4d9e78]
Event: 6.448 Thread 0x0000026ebc8f5db0 4892       4       groovyjarjarantlr4.v4.runtime.misc.IntervalSet::contains (97 bytes)
Event: 6.448 Thread 0x0000026ebaeb3650 4905 %     4       groovyjarjarantlr4.v4.runtime.atn.ParserATNSimulator::computeTargetState @ 190 (617 bytes)

GC Heap History (8 events):
Event: 0.631 GC heap before
{Heap before GC invocations=0 (full 0):
 garbage-first heap   total 262144K, used 28672K [0x00000000e0000000, 0x0000000100000000)
  region size 1024K, 23 young (23552K), 0 survivors (0K)
 Metaspace       used 2958K, committed 3136K, reserved 221184K
  class space    used 382K, committed 448K, reserved 212992K
}
Event: 0.635 GC heap after
{Heap after GC invocations=1 (full 0):
 garbage-first heap   total 262144K, used 9301K [0x00000000e0000000, 0x0000000100000000)
  region size 1024K, 3 young (3072K), 3 survivors (3072K)
 Metaspace       used 2958K, committed 3136K, reserved 221184K
  class space    used 382K, committed 448K, reserved 212992K
}
Event: 1.045 GC heap before
{Heap before GC invocations=1 (full 0):
 garbage-first heap   total 262144K, used 37973K [0x00000000e0000000, 0x0000000100000000)
  region size 1024K, 30 young (30720K), 3 survivors (3072K)
 Metaspace       used 3849K, committed 4032K, reserved 221184K
  class space    used 476K, committed 576K, reserved 212992K
}
Event: 1.048 GC heap after
{Heap after GC invocations=2 (full 0):
 garbage-first heap   total 262144K, used 11886K [0x00000000e0000000, 0x0000000100000000)
  region size 1024K, 2 young (2048K), 2 survivors (2048K)
 Metaspace       used 3849K, committed 4032K, reserved 221184K
  class space    used 476K, committed 576K, reserved 212992K
}
Event: 3.395 GC heap before
{Heap before GC invocations=2 (full 0):
 garbage-first heap   total 262144K, used 135790K [0x00000000e0000000, 0x0000000100000000)
  region size 1024K, 114 young (116736K), 2 survivors (2048K)
 Metaspace       used 21184K, committed 21504K, reserved 237568K
  class space    used 3162K, committed 3328K, reserved 212992K
}
Event: 3.405 GC heap after
{Heap after GC invocations=3 (full 0):
 garbage-first heap   total 262144K, used 34949K [0x00000000e0000000, 0x0000000100000000)
  region size 1024K, 14 young (14336K), 14 survivors (14336K)
 Metaspace       used 21184K, committed 21504K, reserved 237568K
  class space    used 3162K, committed 3328K, reserved 212992K
}
Event: 5.028 GC heap before
{Heap before GC invocations=4 (full 0):
 garbage-first heap   total 262144K, used 138373K [0x00000000e0000000, 0x0000000100000000)
  region size 1024K, 112 young (114688K), 14 survivors (14336K)
 Metaspace       used 35592K, committed 35968K, reserved 245760K
  class space    used 5014K, committed 5184K, reserved 212992K
}
Event: 5.040 GC heap after
{Heap after GC invocations=5 (full 0):
 garbage-first heap   total 262144K, used 45262K [0x00000000e0000000, 0x0000000100000000)
  region size 1024K, 9 young (9216K), 9 survivors (9216K)
 Metaspace       used 35592K, committed 35968K, reserved 245760K
  class space    used 5014K, committed 5184K, reserved 212992K
}

Deoptimization events (20 events):
Event: 6.417 Thread 0x0000026ebd482db0 DEOPT PACKING pc=0x0000026ea84fdf64 sp=0x000000c5e64f7b40
Event: 6.417 Thread 0x0000026ebd482db0 DEOPT UNPACKING pc=0x0000026ea7742b43 sp=0x000000c5e64f6fe0 mode 0
Event: 6.420 Thread 0x0000026ebd482db0 DEOPT PACKING pc=0x0000026ea84fdf64 sp=0x000000c5e64f7550
Event: 6.420 Thread 0x0000026ebd482db0 DEOPT UNPACKING pc=0x0000026ea7742b43 sp=0x000000c5e64f69f0 mode 0
Event: 6.423 Thread 0x0000026ebd482db0 DEOPT PACKING pc=0x0000026ea84fdf64 sp=0x000000c5e64f7100
Event: 6.423 Thread 0x0000026ebd482db0 DEOPT UNPACKING pc=0x0000026ea7742b43 sp=0x000000c5e64f65a0 mode 0
Event: 6.430 Thread 0x0000026ebd482db0 DEOPT PACKING pc=0x0000026ea84fdf64 sp=0x000000c5e64f72d0
Event: 6.430 Thread 0x0000026ebd482db0 DEOPT UNPACKING pc=0x0000026ea7742b43 sp=0x000000c5e64f6770 mode 0
Event: 6.433 Thread 0x0000026ebd482db0 DEOPT PACKING pc=0x0000026ea853eb7f sp=0x000000c5e64f7280
Event: 6.433 Thread 0x0000026ebd482db0 DEOPT UNPACKING pc=0x0000026ea7742b43 sp=0x000000c5e64f6768 mode 0
Event: 6.434 Thread 0x0000026ebd482db0 DEOPT PACKING pc=0x0000026ea84fe09b sp=0x000000c5e64f75f0
Event: 6.434 Thread 0x0000026ebd482db0 DEOPT UNPACKING pc=0x0000026ea7742b43 sp=0x000000c5e64f6a90 mode 0
Event: 6.438 Thread 0x0000026ebd482db0 DEOPT PACKING pc=0x0000026ea84fdf64 sp=0x000000c5e64f7700
Event: 6.438 Thread 0x0000026ebd482db0 DEOPT UNPACKING pc=0x0000026ea7742b43 sp=0x000000c5e64f6ba0 mode 0
Event: 6.440 Thread 0x0000026ebd482db0 DEOPT PACKING pc=0x0000026ea84fdf64 sp=0x000000c5e64f7700
Event: 6.440 Thread 0x0000026ebd482db0 DEOPT UNPACKING pc=0x0000026ea7742b43 sp=0x000000c5e64f6ba0 mode 0
Event: 6.443 Thread 0x0000026ebd482db0 DEOPT PACKING pc=0x0000026ea84fe09b sp=0x000000c5e64f7210
Event: 6.444 Thread 0x0000026ebd482db0 DEOPT UNPACKING pc=0x0000026ea7742b43 sp=0x000000c5e64f66b0 mode 0
Event: 6.446 Thread 0x0000026ebd482db0 DEOPT PACKING pc=0x0000026ea84fe09b sp=0x000000c5e64f7210
Event: 6.446 Thread 0x0000026ebd482db0 DEOPT UNPACKING pc=0x0000026ea7742b43 sp=0x000000c5e64f66b0 mode 0

Classes unloaded (0 events):
No events

Classes redefined (0 events):
No events

Internal exceptions (20 events):
Event: 4.851 Thread 0x0000026ebd2b3590 Exception <a 'sun/nio/fs/WindowsException'{0x00000000ea8fa868}> (0x00000000ea8fa868) 
thrown [t:\workspace\open\src\hotspot\share\prims\jni.cpp, line 516]
Event: 4.858 Thread 0x0000026ebd2b3590 Exception <a 'sun/nio/fs/WindowsException'{0x00000000ea729f38}> (0x00000000ea729f38) 
thrown [t:\workspace\open\src\hotspot\share\prims\jni.cpp, line 516]
Event: 4.858 Thread 0x0000026ebd2b3590 Exception <a 'sun/nio/fs/WindowsException'{0x00000000ea72a0a0}> (0x00000000ea72a0a0) 
thrown [t:\workspace\open\src\hotspot\share\prims\jni.cpp, line 516]
Event: 4.868 Thread 0x0000026ebd482db0 Exception <a 'java/lang/ClassNotFoundException'{0x00000000ea790e30}: sync_studio_tooling7_7csd8k977gnjkdw77ht1dkytzBeanInfo> (0x00000000ea790e30) 
thrown [t:\workspace\open\src\hotspot\share\classfile\systemDictionary.cpp, line 256]
Event: 4.868 Thread 0x0000026ebd482db0 Exception <a 'java/lang/ClassNotFoundException'{0x00000000ea7976e0}: sync_studio_tooling7_7csd8k977gnjkdw77ht1dkytzCustomizer> (0x00000000ea7976e0) 
thrown [t:\workspace\open\src\hotspot\share\classfile\systemDictionary.cpp, line 256]
Event: 4.901 Thread 0x0000026ebd482db0 Exception <a 'java/lang/ClassNotFoundException'{0x00000000ea6f4738}: org/gradle/invocation/DefaultGradle_DecoratedBeanInfo> (0x00000000ea6f4738) 
thrown [t:\workspace\open\src\hotspot\share\classfile\systemDictionary.cpp, line 256]
Event: 4.901 Thread 0x0000026ebd482db0 Exception <a 'java/lang/ClassNotFoundException'{0x00000000ea549638}: org/gradle/invocation/DefaultGradleBeanInfo> (0x00000000ea549638) 
thrown [t:\workspace\open\src\hotspot\share\classfile\systemDictionary.cpp, line 256]
Event: 4.902 Thread 0x0000026ebd482db0 Exception <a 'java/lang/ClassNotFoundException'{0x00000000ea55ac28}: org/gradle/api/internal/project/AbstractPluginAwareBeanInfo> (0x00000000ea55ac28) 
thrown [t:\workspace\open\src\hotspot\share\classfile\systemDictionary.cpp, line 256]
Event: 4.903 Thread 0x0000026ebd482db0 Exception <a 'java/lang/ClassNotFoundException'{0x00000000ea56c130}: org/gradle/api/internal/project/AbstractPluginAwareCustomizer> (0x00000000ea56c130) 
thrown [t:\workspace\open\src\hotspot\share\classfile\systemDictionary.cpp, line 256]
Event: 4.905 Thread 0x0000026ebd482db0 Exception <a 'java/lang/ClassNotFoundException'{0x00000000ea5835a0}: org/gradle/invocation/DefaultGradleCustomizer> (0x00000000ea5835a0) 
thrown [t:\workspace\open\src\hotspot\share\classfile\systemDictionary.cpp, line 256]
Event: 4.908 Thread 0x0000026ebd482db0 Exception <a 'java/lang/ClassNotFoundException'{0x00000000ea5c7a28}: org/gradle/invocation/DefaultGradle_DecoratedCustomizer> (0x00000000ea5c7a28) 
thrown [t:\workspace\open\src\hotspot\share\classfile\systemDictionary.cpp, line 256]
Event: 4.953 Thread 0x0000026ebd482db0 Exception <a 'java/lang/NoSuchMethodError'{0x00000000ea3b6708}: 'void java.lang.invoke.DirectMethodHandle$Holder.invokeVirtual(java.lang.Object, java.lang.Object)'> (0x00000000ea3b6708) 
thrown [t:\workspace\open\src\hotspot\share\interpreter\linkResolver.cpp, line 766]
Event: 4.959 Thread 0x0000026ebd482db0 Exception <a 'java/lang/NoSuchMethodError'{0x00000000ea3f9d18}: 'void java.lang.invoke.DirectMethodHandle$Holder.invokeStatic(java.lang.Object, java.lang.Object, java.lang.Object, java.lang.Object, java.lang.Object, java.lang.Object)'> (0x00000000ea3f9d18) 
thrown [t:\workspace\open\src\hotspot\share\interpreter\linkResolver.cpp, line 766]
Event: 5.962 Thread 0x0000026ebd482db0 Implicit null exception at 0x0000026eaf36856c to 0x0000026eaf368614
Event: 6.002 Thread 0x0000026ebd482db0 Exception <a 'java/lang/NoSuchMethodError'{0x00000000eac74e08}: 'void java.lang.invoke.DirectMethodHandle$Holder.invokeSpecialIFC(java.lang.Object, java.lang.Object, java.lang.Object)'> (0x00000000eac74e08) 
thrown [t:\workspace\open\src\hotspot\share\interpreter\linkResolver.cpp, line 766]
Event: 6.283 Thread 0x0000026ebd2b30c0 Exception <a 'sun/nio/fs/WindowsException'{0x00000000ea054430}> (0x00000000ea054430) 
thrown [t:\workspace\open\src\hotspot\share\prims\jni.cpp, line 516]
Event: 6.290 Thread 0x0000026ebd2b30c0 Exception <a 'sun/nio/fs/WindowsException'{0x00000000ea082988}> (0x00000000ea082988) 
thrown [t:\workspace\open\src\hotspot\share\prims\jni.cpp, line 516]
Event: 6.291 Thread 0x0000026ebd2b30c0 Exception <a 'sun/nio/fs/WindowsException'{0x00000000ea082b00}> (0x00000000ea082b00) 
thrown [t:\workspace\open\src\hotspot\share\prims\jni.cpp, line 516]
Event: 6.299 Thread 0x0000026ebd482db0 Exception <a 'java/lang/ClassNotFoundException'{0x00000000ea1e5370}: ijinit_8d4d42o49cyetlij9zprjkf6tBeanInfo> (0x00000000ea1e5370) 
thrown [t:\workspace\open\src\hotspot\share\classfile\systemDictionary.cpp, line 256]
Event: 6.299 Thread 0x0000026ebd482db0 Exception <a 'java/lang/ClassNotFoundException'{0x00000000ea1ebbf0}: ijinit_8d4d42o49cyetlij9zprjkf6tCustomizer> (0x00000000ea1ebbf0) 
thrown [t:\workspace\open\src\hotspot\share\classfile\systemDictionary.cpp, line 256]

VM Operations (20 events):
Event: 5.251 Executing VM operation: HandshakeAllThreads
Event: 5.251 Executing VM operation: HandshakeAllThreads done
Event: 5.267 Executing VM operation: ICBufferFull
Event: 5.267 Executing VM operation: ICBufferFull done
Event: 5.322 Executing VM operation: HandshakeAllThreads
Event: 5.322 Executing VM operation: HandshakeAllThreads done
Event: 5.941 Executing VM operation: ICBufferFull
Event: 5.941 Executing VM operation: ICBufferFull done
Event: 6.051 Executing VM operation: HandshakeAllThreads
Event: 6.051 Executing VM operation: HandshakeAllThreads done
Event: 6.052 Executing VM operation: HandshakeAllThreads
Event: 6.052 Executing VM operation: HandshakeAllThreads done
Event: 6.114 Executing VM operation: HandshakeAllThreads
Event: 6.114 Executing VM operation: HandshakeAllThreads done
Event: 6.251 Executing VM operation: HandshakeAllThreads
Event: 6.251 Executing VM operation: HandshakeAllThreads done
Event: 6.274 Executing VM operation: HandshakeAllThreads
Event: 6.275 Executing VM operation: HandshakeAllThreads done
Event: 6.300 Executing VM operation: ICBufferFull
Event: 6.300 Executing VM operation: ICBufferFull done

Events (20 events):
Event: 6.181 loading class jdk/internal/vm/annotation/ForceInline
Event: 6.181 loading class jdk/internal/vm/annotation/ForceInline done
Event: 6.224 loading class java/security/PermissionsEnumerator
Event: 6.224 loading class java/security/PermissionsEnumerator done
Event: 6.228 loading class java/util/stream/ReduceOps$5
Event: 6.228 loading class java/util/stream/ReduceOps$5 done
Event: 6.228 loading class java/util/stream/ReduceOps$CountingSink$OfRef
Event: 6.228 loading class java/util/stream/ReduceOps$CountingSink$OfRef done
Event: 6.244 loading class jdk/internal/vm/annotation/Stable
Event: 6.244 loading class jdk/internal/vm/annotation/Stable done
Event: 6.267 loading class jdk/internal/math/FDBigInteger
Event: 6.267 loading class jdk/internal/math/FDBigInteger done
Event: 6.269 loading class sun/nio/cs/ISO_8859_1$Encoder
Event: 6.269 loading class sun/nio/cs/ISO_8859_1$Encoder done
Event: 6.269 loading class sun/nio/cs/Surrogate$Parser
Event: 6.269 loading class sun/nio/cs/Surrogate$Parser done
Event: 6.269 loading class sun/nio/cs/Surrogate
Event: 6.269 loading class sun/nio/cs/Surrogate done
Event: 6.405 loading class java/util/Stack
Event: 6.405 loading class java/util/Stack done


Dynamic libraries:
0x00007ff7e74e0000 - 0x00007ff7e74f0000 	C:\Program Files\Java\jdk-17.0.1\bin\java.exe
0x00007ffad6d80000 - 0x00007ffad6f89000 	C:\WINDOWS\SYSTEM32\ntdll.dll
0x00007ffad6750000 - 0x00007ffad680d000 	C:\WINDOWS\System32\KERNEL32.DLL
0x00007ffad44a0000 - 0x00007ffad4819000 	C:\WINDOWS\System32\KERNELBASE.dll
0x00007ffad4990000 - 0x00007ffad4aa1000 	C:\WINDOWS\System32\ucrtbase.dll
0x00007ffabbab0000 - 0x00007ffabbac8000 	C:\Program Files\Java\jdk-17.0.1\bin\jli.dll
0x00007ffac2770000 - 0x00007ffac278a000 	C:\Program Files\Java\jdk-17.0.1\bin\VCRUNTIME140.dll
0x00007ffad4c20000 - 0x00007ffad4cce000 	C:\WINDOWS\System32\ADVAPI32.dll
0x00007ffad50f0000 - 0x00007ffad5193000 	C:\WINDOWS\System32\msvcrt.dll
0x00007ffad4e50000 - 0x00007ffad4eee000 	C:\WINDOWS\System32\sechost.dll
0x00007ffad4fd0000 - 0x00007ffad50f0000 	C:\WINDOWS\System32\RPCRT4.dll
0x00007ffad54d0000 - 0x00007ffad567c000 	C:\WINDOWS\System32\USER32.dll
0x00007ffab2290000 - 0x00007ffab2535000 	C:\WINDOWS\WinSxS\amd64_microsoft.windows.common-controls_6595b64144ccf1df_6.0.22000.120_none_9d947278b86cc467\COMCTL32.dll
0x00007ffad4820000 - 0x00007ffad4846000 	C:\WINDOWS\System32\win32u.dll
0x00007ffad51a0000 - 0x00007ffad51c9000 	C:\WINDOWS\System32\GDI32.dll
0x00007ffad4380000 - 0x00007ffad4492000 	C:\WINDOWS\System32\gdi32full.dll
0x00007ffad4270000 - 0x00007ffad430d000 	C:\WINDOWS\System32\msvcp_win.dll
0x00007ffaca800000 - 0x00007ffaca80a000 	C:\WINDOWS\SYSTEM32\VERSION.dll
0x00007ffad5490000 - 0x00007ffad54c1000 	C:\WINDOWS\System32\IMM32.DLL
0x00007ffac4f20000 - 0x00007ffac4f2c000 	C:\Program Files\Java\jdk-17.0.1\bin\vcruntime140_1.dll
0x00007ffa94010000 - 0x00007ffa9409d000 	C:\Program Files\Java\jdk-17.0.1\bin\msvcp140.dll
0x00007ffa4f920000 - 0x00007ffa504de000 	C:\Program Files\Java\jdk-17.0.1\bin\server\jvm.dll
0x00007ffad5bc0000 - 0x00007ffad5bc8000 	C:\WINDOWS\System32\PSAPI.DLL
0x00007ffab5f10000 - 0x00007ffab5f19000 	C:\WINDOWS\SYSTEM32\WSOCK32.dll
0x00007ffad1550000 - 0x00007ffad1583000 	C:\WINDOWS\SYSTEM32\WINMM.dll
0x00007ffad5dd0000 - 0x00007ffad5e3f000 	C:\WINDOWS\System32\WS2_32.dll
0x00007ffad3340000 - 0x00007ffad3358000 	C:\WINDOWS\SYSTEM32\kernel.appcore.dll
0x00007ffac3e70000 - 0x00007ffac3e7a000 	C:\Program Files\Java\jdk-17.0.1\bin\jimage.dll
0x00007ffad1060000 - 0x00007ffad1281000 	C:\WINDOWS\SYSTEM32\DBGHELP.DLL
0x00007ffabf100000 - 0x00007ffabf131000 	C:\WINDOWS\SYSTEM32\dbgcore.DLL
0x00007ffad4850000 - 0x00007ffad48cf000 	C:\WINDOWS\System32\bcryptPrimitives.dll
0x00007ffaba900000 - 0x00007ffaba925000 	C:\Program Files\Java\jdk-17.0.1\bin\java.dll
0x00007ffa92940000 - 0x00007ffa92a16000 	C:\Program Files\Java\jdk-17.0.1\bin\svml.dll
0x00007ffad5e40000 - 0x00007ffad65ef000 	C:\WINDOWS\System32\SHELL32.dll
0x00007ffad23a0000 - 0x00007ffad2c08000 	C:\WINDOWS\SYSTEM32\windows.storage.dll
0x00007ffad5680000 - 0x00007ffad59f8000 	C:\WINDOWS\System32\combase.dll
0x00007ffad2230000 - 0x00007ffad2396000 	C:\WINDOWS\SYSTEM32\wintypes.dll
0x00007ffad5c30000 - 0x00007ffad5d1a000 	C:\WINDOWS\System32\SHCORE.dll
0x00007ffad66f0000 - 0x00007ffad674d000 	C:\WINDOWS\System32\shlwapi.dll
0x00007ffad41a0000 - 0x00007ffad41c1000 	C:\WINDOWS\SYSTEM32\profapi.dll
0x00007ffab6b60000 - 0x00007ffab6b79000 	C:\Program Files\Java\jdk-17.0.1\bin\net.dll
0x00007ffacd6b0000 - 0x00007ffacd7bc000 	C:\WINDOWS\SYSTEM32\WINHTTP.dll
0x00007ffad3780000 - 0x00007ffad37e7000 	C:\WINDOWS\system32\mswsock.dll
0x00007ffab6a80000 - 0x00007ffab6a95000 	C:\Program Files\Java\jdk-17.0.1\bin\nio.dll
0x00007ffab6a60000 - 0x00007ffab6a78000 	C:\Program Files\Java\jdk-17.0.1\bin\zip.dll
0x00007ffac5700000 - 0x00007ffac5710000 	C:\Program Files\Java\jdk-17.0.1\bin\verify.dll
0x00007ffac2ea0000 - 0x00007ffac2ec7000 	C:\Users\danie\.gradle\native\e1d6ef7f7dcc3fd88c89a11ec53ec762bb8ba0a96d01ffa2cd45eb1d1d8dd5c5\windows-amd64\native-platform.dll
0x00007ffac32e0000 - 0x00007ffac3424000 	C:\Users\danie\.gradle\native\0d407fdbe67a94daf76414ababcb853783967236a71b16ec16e742cd7a986fd3\windows-amd64\native-platform-file-events.dll
0x00007ffac39f0000 - 0x00007ffac39f9000 	C:\Program Files\Java\jdk-17.0.1\bin\management.dll
0x00007ffac36d0000 - 0x00007ffac36db000 	C:\Program Files\Java\jdk-17.0.1\bin\management_ext.dll
0x00007ffad39f0000 - 0x00007ffad3a08000 	C:\WINDOWS\SYSTEM32\CRYPTSP.dll
0x00007ffad3290000 - 0x00007ffad32c5000 	C:\WINDOWS\system32\rsaenh.dll
0x00007ffad3890000 - 0x00007ffad38b9000 	C:\WINDOWS\SYSTEM32\USERENV.dll
0x00007ffad3b60000 - 0x00007ffad3b87000 	C:\WINDOWS\SYSTEM32\bcrypt.dll
0x00007ffad39e0000 - 0x00007ffad39ec000 	C:\WINDOWS\SYSTEM32\CRYPTBASE.dll
0x00007ffad2e60000 - 0x00007ffad2e8d000 	C:\WINDOWS\SYSTEM32\IPHLPAPI.DLL
0x00007ffad51d0000 - 0x00007ffad51d9000 	C:\WINDOWS\System32\NSI.dll
0x00007ffacd5b0000 - 0x00007ffacd5c9000 	C:\WINDOWS\SYSTEM32\dhcpcsvc6.DLL
0x00007ffacdcd0000 - 0x00007ffacdcee000 	C:\WINDOWS\SYSTEM32\dhcpcsvc.DLL
0x00007ffad2e90000 - 0x00007ffad2f78000 	C:\WINDOWS\SYSTEM32\DNSAPI.dll
0x00007ffac36c0000 - 0x00007ffac36ce000 	C:\Program Files\Java\jdk-17.0.1\bin\sunmscapi.dll
0x00007ffad4ab0000 - 0x00007ffad4c12000 	C:\WINDOWS\System32\CRYPT32.dll
0x00007ffad3b30000 - 0x00007ffad3b58000 	C:\WINDOWS\SYSTEM32\ncrypt.dll
0x00007ffad3af0000 - 0x00007ffad3b27000 	C:\WINDOWS\SYSTEM32\NTASN1.dll
0x00007ffac3660000 - 0x00007ffac3668000 	C:\WINDOWS\system32\wshunix.dll

dbghelp: loaded successfully - version: 4.0.5 - missing functions: none
symbol engine: initialized successfully - sym options: 0x614 - pdb path: .;C:\Program Files\Java\jdk-17.0.1\bin;C:\WINDOWS\SYSTEM32;C:\WINDOWS\WinSxS\amd64_microsoft.windows.common-controls_6595b64144ccf1df_6.0.22000.120_none_9d947278b86cc467;C:\Program Files\Java\jdk-17.0.1\bin\server;C:\Users\danie\.gradle\native\e1d6ef7f7dcc3fd88c89a11ec53ec762bb8ba0a96d01ffa2cd45eb1d1d8dd5c5\windows-amd64;C:\Users\danie\.gradle\native\0d407fdbe67a94daf76414ababcb853783967236a71b16ec16e742cd7a986fd3\windows-amd64

VM Arguments:
jvm_args: -XX:MaxMetaspaceSize=256m -XX:+HeapDumpOnOutOfMemoryError --add-opens=java.base/java.util=ALL-UNNAMED --add-opens=java.base/java.lang=ALL-UNNAMED --add-opens=java.base/java.lang.invoke=ALL-UNNAMED --add-opens=java.base/java.util=ALL-UNNAMED --add-opens=java.prefs/java.util.prefs=ALL-UNNAMED --add-opens=java.prefs/java.util.prefs=ALL-UNNAMED --add-opens=java.base/java.nio.charset=ALL-UNNAMED --add-opens=java.base/java.net=ALL-UNNAMED --add-opens=java.base/java.util.concurrent.atomic=ALL-UNNAMED -Xms256m -Xmx512m -Dfile.encoding=windows-1251 -Duser.country=RU -Duser.language=ru -Duser.variant 
java_command: org.gradle.launcher.daemon.bootstrap.GradleDaemon 7.4.1
java_class_path (initial): C:\Users\danie\.gradle\wrapper\dists\gradle-7.4.1-all\htb4l60oox3i12rnwfoqoo8d\gradle-7.4.1\lib\gradle-launcher-7.4.1.jar
Launcher Type: SUN_STANDARD

[Global flags]
     intx CICompilerCount                          = 4                                         {product} {ergonomic}
   size_t CompressedClassSpaceSize                 = 218103808                                 {product} {ergonomic}
     uint ConcGCThreads                            = 2                                         {product} {ergonomic}
     uint G1ConcRefinementThreads                  = 8                                         {product} {ergonomic}
   size_t G1HeapRegionSize                         = 1048576                                   {product} {ergonomic}
    uintx GCDrainStackTargetSize                   = 64                                        {product} {ergonomic}
     bool HeapDumpOnOutOfMemoryError               = true                                   {manageable} {command line}
   size_t InitialHeapSize                          = 268435456                                 {product} {command line}
   size_t MarkStackSize                            = 4194304                                   {product} {ergonomic}
   size_t MaxHeapSize                              = 536870912                                 {product} {command line}
   size_t MaxMetaspaceSize                         = 268435456                                 {product} {command line}
   size_t MaxNewSize                               = 321912832                                 {product} {ergonomic}
   size_t MinHeapDeltaBytes                        = 1048576                                   {product} {ergonomic}
   size_t MinHeapSize                              = 268435456                                 {product} {command line}
    uintx NonNMethodCodeHeapSize                   = 5839372                                {pd product} {ergonomic}
    uintx NonProfiledCodeHeapSize                  = 122909434                              {pd product} {ergonomic}
    uintx ProfiledCodeHeapSize                     = 122909434                              {pd product} {ergonomic}
    uintx ReservedCodeCacheSize                    = 251658240                              {pd product} {ergonomic}
     bool SegmentedCodeCache                       = true                                      {product} {ergonomic}
   size_t SoftMaxHeapSize                          = 536870912                              {manageable} {ergonomic}
     bool UseCompressedClassPointers               = true                           {product lp64_product} {ergonomic}
     bool UseCompressedOops                        = true                           {product lp64_product} {ergonomic}
     bool UseG1GC                                  = true                                      {product} {ergonomic}
     bool UseLargePagesIndividualAllocation        = false                                  {pd product} {ergonomic}

Logging:
Log output configuration:
 #0: stdout all=warning uptime,level,tags
 #1: stderr all=off uptime,level,tags

Environment Variables:
PATH=C:\Program Files\Common Files\Oracle\Java\javapath;C:\WINDOWS\system32;C:\WINDOWS;C:\WINDOWS\System32\Wbem;C:\WINDOWS\System32\WindowsPowerShell\v1.0\;C:\WINDOWS\System32\OpenSSH\;C:\Users\danie\AppData\Roaming\Microsoft\Windows\Start Menu\Programs\Python 3.9;D:\Program Files\Git\cmd;C:\Program Files\Docker\Docker\resources\bin;C:\ProgramData\DockerDesktop\version-bin;C:\Users\danie\anaconda3;C:\Users\danie\anaconda3\Library\mingw-w64\bin;C:\Users\danie\anaconda3\Library\usr\bin;C:\Users\danie\anaconda3\Library\bin;C:\Users\danie\anaconda3\Scripts;C:\Users\danie\AppData\Local\Microsoft\WindowsApps;C:\Program Files\JetBrains\PyCharm Community Edition 2020.3.2\bin;;;D:\Program Files\IntelliJ IDEA Community Edition 2021.3\bin;;D:\Program Files\IntelliJ IDEA 2021.3.2\bin;
USERNAME=danie
OS=Windows_NT
PROCESSOR_IDENTIFIER=AMD64 Family 23 Model 24 Stepping 1, AuthenticAMD



---------------  S Y S T E M  ---------------

OS:
 Windows 10 , 64 bit Build 22000 (10.0.22000.675)
OS uptime: 0 days 1:06 hours
Hyper-V role detected

CPU: total 8 (initial active 8) (8 cores per cpu, 2 threads per core) family 23 model 24 stepping 1 microcode 0x0, cx8, cmov, fxsr, ht, mmx, 3dnowpref, sse, sse2, sse3, ssse3, sse4a, sse4.1, sse4.2, popcnt, lzcnt, tsc, tscinvbit, avx, avx2, aes, clmul, bmi1, bmi2, adx, sha, fma, vzeroupper, clflush, clflushopt, hv

Memory: 4k page, system-wide physical 15297M (7022M free)
TotalPageFile size 19393M (AvailPageFile size 7360M)
current process WorkingSet (physical memory assigned to process): 372M, peak: 372M
current process commit charge ("private bytes"): 486M, peak: 493M

vm_info: Java HotSpot(TM) 64-Bit Server VM (17.0.1+12-LTS-39) for windows-amd64 JRE (17.0.1+12-LTS-39), built on Sep 27 2021 18:41:35 by "mach5one" with MS VC++ 16.8 (VS2019)

END.
